11-25 15:56:09 com_github_MitjaNemec_ReplicateLayout.action_replicate_layout 392:Plugin executed on: 'win32'
11-25 15:56:09 com_github_MitjaNemec_ReplicateLayout.action_replicate_layout 393:Plugin executed with python version: '3.11.5 (main, Aug 14 2024, 05:26:19) [MSC v.1939 64 bit (AMD64)]'
11-25 15:56:09 com_github_MitjaNemec_ReplicateLayout.action_replicate_layout 394:KiCad build version: 8.0.6
11-25 15:56:09 com_github_MitjaNemec_ReplicateLayout.action_replicate_layout 395:Plugin version: 3.0.3
11-25 15:56:09 com_github_MitjaNemec_ReplicateLayout.action_replicate_layout 396:Frame repr: <wx._core.Frame object at 0x00000215F65DDAB0>
11-25 15:56:09 com_github_MitjaNemec_ReplicateLayout.action_replicate_layout 420:Preparing replicator with J8 as a reference
11-25 15:56:09 com_github_MitjaNemec_ReplicateLayout.replicate_layout 117:getting a list of all footprints on board
11-25 15:56:09 com_github_MitjaNemec_ReplicateLayout.action_replicate_layout 468:source anchor footprint is 'J8'
Located on: ['SiPM_PWR4']
With filenames: ['SiPM_PWR.kicad_sch']
With sheet_id:['SiPM_PWR4']
11-25 15:56:09 com_github_MitjaNemec_ReplicateLayout.action_replicate_layout 475:Corresponding footprints are 
[('J10', ['SiPM_PWR5']), ('J16', ['SiPM_PWR8']), ('J12', ['SiPM_PWR6']), ('J14', ['SiPM_PWR7']), ('J4', ['SiPM_PWR1']), ('J3', ['SiPM_PWR2']), ('J6', ['SiPM_PWR3']), ('J2', ['SiPM_PWR']), ('J8', ['SiPM_PWR4'])]
11-25 15:56:09 com_github_MitjaNemec_ReplicateLayout.action_replicate_layout 487:Showing dialog
11-25 15:56:09 com_github_MitjaNemec_ReplicateLayout.replicate_layout 472:constructing a list of sheets suitable for replication on level:'SiPM_PWR4', file:'SiPM_PWR.kicad_sch'
11-25 15:56:09 com_github_MitjaNemec_ReplicateLayout.replicate_layout 509:suitable sheets are:[['SiPM_PWR'], ['SiPM_PWR1'], ['SiPM_PWR2'], ['SiPM_PWR3'], ['SiPM_PWR5'], ['SiPM_PWR6'], ['SiPM_PWR7'], ['SiPM_PWR8']]
11-25 15:56:09 com_github_MitjaNemec_ReplicateLayout.replicate_layout 1507:Level selected: ['SiPM_PWR4']
11-25 15:56:09 com_github_MitjaNemec_ReplicateLayout.replicate_layout 1331:Filtering list of tracks
11-25 15:56:10 com_github_MitjaNemec_ReplicateLayout.action_replicate_layout 493:Toolbar position: wx.Point(1886, 77)
11-25 15:56:10 com_github_MitjaNemec_ReplicateLayout.action_replicate_layout 498:Dialog position: wx.Point(1447, 77)
11-25 15:56:16 com_github_MitjaNemec_ReplicateLayout.replicate_layout 472:constructing a list of sheets suitable for replication on level:'SiPM_PWR4', file:'SiPM_PWR.kicad_sch'
11-25 15:56:16 com_github_MitjaNemec_ReplicateLayout.replicate_layout 509:suitable sheets are:[['SiPM_PWR'], ['SiPM_PWR1'], ['SiPM_PWR2'], ['SiPM_PWR3'], ['SiPM_PWR5'], ['SiPM_PWR6'], ['SiPM_PWR7'], ['SiPM_PWR8']]
11-25 15:56:16 com_github_MitjaNemec_ReplicateLayout.action_replicate_layout 240:Replicating layout
11-25 15:56:16 com_github_MitjaNemec_ReplicateLayout.replicate_layout 288:Starting replication of sheets: [['SiPM_PWR'], ['SiPM_PWR1'], ['SiPM_PWR2'], ['SiPM_PWR3'], ['SiPM_PWR5'], ['SiPM_PWR6'], ['SiPM_PWR7'], ['SiPM_PWR8']]
on level: ['SiPM_PWR4']
with tracks=True, zone=True, text=True, text=True, intersecting=False, remove=False, locked footprints=False, group_only=False
11-25 15:56:16 root 332:updating GUI message: 'Preparing for replication'
11-25 15:56:16 root 337:updating GUI with: 0
11-25 15:56:16 com_github_MitjaNemec_ReplicateLayout.replicate_layout 358:Getting the list of source footprints
11-25 15:56:16 com_github_MitjaNemec_ReplicateLayout.replicate_layout 368:Getting the list of all the remaining footprints
11-25 15:56:16 com_github_MitjaNemec_ReplicateLayout.replicate_layout 375:Getting source tracks
11-25 15:56:16 com_github_MitjaNemec_ReplicateLayout.replicate_layout 1331:Filtering list of tracks
11-25 15:56:16 com_github_MitjaNemec_ReplicateLayout.replicate_layout 379:Getting source zones
11-25 15:56:16 com_github_MitjaNemec_ReplicateLayout.replicate_layout 383:Getting source text items
11-25 15:56:16 com_github_MitjaNemec_ReplicateLayout.replicate_layout 387:Getting source drawing items
11-25 15:56:16 root 332:updating GUI message: 'Replicating footprints'
11-25 15:56:16 com_github_MitjaNemec_ReplicateLayout.replicate_layout 861:Replicating footprints
11-25 15:56:16 com_github_MitjaNemec_ReplicateLayout.replicate_layout 868:Replicating footprints on sheet ['SiPM_PWR']
11-25 15:56:16 com_github_MitjaNemec_ReplicateLayout.replicate_layout 985:Src text UUid:d1526190-f74f-4a1a-8b26-1b0eb3c14f0c
11-25 15:56:16 com_github_MitjaNemec_ReplicateLayout.replicate_layout 986:Dst text UUid:cccc53c3-b8c8-40d7-9bb7-99a21fa951fd
11-25 15:56:16 com_github_MitjaNemec_ReplicateLayout.replicate_layout 985:Src text UUid:b6cde528-8a8e-47e8-90a2-436eafe6b81f
11-25 15:56:16 com_github_MitjaNemec_ReplicateLayout.replicate_layout 986:Dst text UUid:4b48994a-e8b1-41f4-968e-ead1abf8974c
11-25 15:56:16 com_github_MitjaNemec_ReplicateLayout.replicate_layout 985:Src text UUid:833367f6-05bd-4884-a3b1-e5392be07d69
11-25 15:56:16 com_github_MitjaNemec_ReplicateLayout.replicate_layout 986:Dst text UUid:2ed90983-3a71-4dbb-83f1-b2e56bd53c3c
11-25 15:56:16 com_github_MitjaNemec_ReplicateLayout.replicate_layout 985:Src text UUid:e1503278-a4b7-4b08-b7d6-81e6adfec8c3
11-25 15:56:16 com_github_MitjaNemec_ReplicateLayout.replicate_layout 986:Dst text UUid:bb6a53b8-da36-4342-a1f5-dbf48906d3e3
11-25 15:56:16 com_github_MitjaNemec_ReplicateLayout.replicate_layout 868:Replicating footprints on sheet ['SiPM_PWR1']
11-25 15:56:16 com_github_MitjaNemec_ReplicateLayout.replicate_layout 985:Src text UUid:d1526190-f74f-4a1a-8b26-1b0eb3c14f0c
11-25 15:56:16 com_github_MitjaNemec_ReplicateLayout.replicate_layout 986:Dst text UUid:c6b4c261-cb47-40c4-8933-ff6047ad1644
11-25 15:56:16 com_github_MitjaNemec_ReplicateLayout.replicate_layout 985:Src text UUid:b6cde528-8a8e-47e8-90a2-436eafe6b81f
11-25 15:56:16 com_github_MitjaNemec_ReplicateLayout.replicate_layout 986:Dst text UUid:8690dbb1-9f3f-4212-b18e-9269d169130c
11-25 15:56:16 com_github_MitjaNemec_ReplicateLayout.replicate_layout 985:Src text UUid:833367f6-05bd-4884-a3b1-e5392be07d69
11-25 15:56:16 com_github_MitjaNemec_ReplicateLayout.replicate_layout 986:Dst text UUid:e635e0d5-5596-4fe2-9e80-0d32641d8277
11-25 15:56:16 com_github_MitjaNemec_ReplicateLayout.replicate_layout 985:Src text UUid:e1503278-a4b7-4b08-b7d6-81e6adfec8c3
11-25 15:56:16 com_github_MitjaNemec_ReplicateLayout.replicate_layout 986:Dst text UUid:4eefc1f2-8a40-44a3-a5d3-876a9a765d55
11-25 15:56:16 com_github_MitjaNemec_ReplicateLayout.replicate_layout 868:Replicating footprints on sheet ['SiPM_PWR2']
11-25 15:56:16 com_github_MitjaNemec_ReplicateLayout.replicate_layout 985:Src text UUid:d1526190-f74f-4a1a-8b26-1b0eb3c14f0c
11-25 15:56:16 com_github_MitjaNemec_ReplicateLayout.replicate_layout 986:Dst text UUid:0262323e-1c54-4a49-804a-664c14f6488b
11-25 15:56:16 com_github_MitjaNemec_ReplicateLayout.replicate_layout 985:Src text UUid:b6cde528-8a8e-47e8-90a2-436eafe6b81f
11-25 15:56:16 com_github_MitjaNemec_ReplicateLayout.replicate_layout 986:Dst text UUid:e2afc928-325b-458e-b2a8-871529a126ca
11-25 15:56:16 com_github_MitjaNemec_ReplicateLayout.replicate_layout 985:Src text UUid:833367f6-05bd-4884-a3b1-e5392be07d69
11-25 15:56:16 com_github_MitjaNemec_ReplicateLayout.replicate_layout 986:Dst text UUid:67fec093-f24c-4f6f-89de-4906516ef58a
11-25 15:56:16 com_github_MitjaNemec_ReplicateLayout.replicate_layout 985:Src text UUid:e1503278-a4b7-4b08-b7d6-81e6adfec8c3
11-25 15:56:16 com_github_MitjaNemec_ReplicateLayout.replicate_layout 986:Dst text UUid:7f0ffbfa-027b-4939-bd39-f743d8187896
11-25 15:56:16 com_github_MitjaNemec_ReplicateLayout.replicate_layout 868:Replicating footprints on sheet ['SiPM_PWR3']
11-25 15:56:16 com_github_MitjaNemec_ReplicateLayout.replicate_layout 985:Src text UUid:d1526190-f74f-4a1a-8b26-1b0eb3c14f0c
11-25 15:56:16 com_github_MitjaNemec_ReplicateLayout.replicate_layout 986:Dst text UUid:98bfe07b-e98c-49da-bb52-d24cc832ed46
11-25 15:56:16 com_github_MitjaNemec_ReplicateLayout.replicate_layout 985:Src text UUid:b6cde528-8a8e-47e8-90a2-436eafe6b81f
11-25 15:56:16 com_github_MitjaNemec_ReplicateLayout.replicate_layout 986:Dst text UUid:28f009d0-6aff-454d-a6aa-307e2a819826
11-25 15:56:16 com_github_MitjaNemec_ReplicateLayout.replicate_layout 985:Src text UUid:833367f6-05bd-4884-a3b1-e5392be07d69
11-25 15:56:16 com_github_MitjaNemec_ReplicateLayout.replicate_layout 986:Dst text UUid:52821444-7da9-4dbe-9f64-b3d7984c1d7c
11-25 15:56:16 com_github_MitjaNemec_ReplicateLayout.replicate_layout 985:Src text UUid:e1503278-a4b7-4b08-b7d6-81e6adfec8c3
11-25 15:56:16 com_github_MitjaNemec_ReplicateLayout.replicate_layout 986:Dst text UUid:b99e53ab-3259-40e4-8a82-b95959778667
11-25 15:56:16 com_github_MitjaNemec_ReplicateLayout.replicate_layout 868:Replicating footprints on sheet ['SiPM_PWR5']
11-25 15:56:16 com_github_MitjaNemec_ReplicateLayout.replicate_layout 985:Src text UUid:d1526190-f74f-4a1a-8b26-1b0eb3c14f0c
11-25 15:56:16 com_github_MitjaNemec_ReplicateLayout.replicate_layout 986:Dst text UUid:47dc4f1e-8b52-4ccd-b92d-15be8f009105
11-25 15:56:16 com_github_MitjaNemec_ReplicateLayout.replicate_layout 985:Src text UUid:b6cde528-8a8e-47e8-90a2-436eafe6b81f
11-25 15:56:16 com_github_MitjaNemec_ReplicateLayout.replicate_layout 986:Dst text UUid:5d9a6efd-8793-4e56-ba8b-8c8a2b2ab845
11-25 15:56:16 com_github_MitjaNemec_ReplicateLayout.replicate_layout 985:Src text UUid:833367f6-05bd-4884-a3b1-e5392be07d69
11-25 15:56:16 com_github_MitjaNemec_ReplicateLayout.replicate_layout 986:Dst text UUid:a8a1ddb8-8b53-459c-84f7-f78efd454c10
11-25 15:56:16 com_github_MitjaNemec_ReplicateLayout.replicate_layout 985:Src text UUid:e1503278-a4b7-4b08-b7d6-81e6adfec8c3
11-25 15:56:16 com_github_MitjaNemec_ReplicateLayout.replicate_layout 986:Dst text UUid:04160bb0-2bdf-4aa8-ac7f-070f1d9f82e6
11-25 15:56:16 com_github_MitjaNemec_ReplicateLayout.replicate_layout 868:Replicating footprints on sheet ['SiPM_PWR6']
11-25 15:56:16 com_github_MitjaNemec_ReplicateLayout.replicate_layout 985:Src text UUid:d1526190-f74f-4a1a-8b26-1b0eb3c14f0c
11-25 15:56:16 com_github_MitjaNemec_ReplicateLayout.replicate_layout 986:Dst text UUid:f4a8e434-50c9-4934-84cd-f0e1964efc25
11-25 15:56:16 com_github_MitjaNemec_ReplicateLayout.replicate_layout 985:Src text UUid:b6cde528-8a8e-47e8-90a2-436eafe6b81f
11-25 15:56:16 com_github_MitjaNemec_ReplicateLayout.replicate_layout 986:Dst text UUid:a86be300-e143-48a4-93c5-6fba9d4416fb
11-25 15:56:16 com_github_MitjaNemec_ReplicateLayout.replicate_layout 985:Src text UUid:833367f6-05bd-4884-a3b1-e5392be07d69
11-25 15:56:16 com_github_MitjaNemec_ReplicateLayout.replicate_layout 986:Dst text UUid:1ce41ea9-4ff1-4c1a-bad1-bdb9b40bc913
11-25 15:56:16 com_github_MitjaNemec_ReplicateLayout.replicate_layout 985:Src text UUid:e1503278-a4b7-4b08-b7d6-81e6adfec8c3
11-25 15:56:16 com_github_MitjaNemec_ReplicateLayout.replicate_layout 986:Dst text UUid:79a582eb-048c-4214-9df1-79195f1c34d4
11-25 15:56:16 com_github_MitjaNemec_ReplicateLayout.replicate_layout 868:Replicating footprints on sheet ['SiPM_PWR7']
11-25 15:56:16 com_github_MitjaNemec_ReplicateLayout.replicate_layout 985:Src text UUid:d1526190-f74f-4a1a-8b26-1b0eb3c14f0c
11-25 15:56:16 com_github_MitjaNemec_ReplicateLayout.replicate_layout 986:Dst text UUid:299b6af7-41e9-494a-bfc2-ac90e8bd7440
11-25 15:56:16 com_github_MitjaNemec_ReplicateLayout.replicate_layout 985:Src text UUid:b6cde528-8a8e-47e8-90a2-436eafe6b81f
11-25 15:56:16 com_github_MitjaNemec_ReplicateLayout.replicate_layout 986:Dst text UUid:03ab3ab4-3ca2-4351-b6c0-c80ab0146207
11-25 15:56:16 com_github_MitjaNemec_ReplicateLayout.replicate_layout 985:Src text UUid:833367f6-05bd-4884-a3b1-e5392be07d69
11-25 15:56:16 com_github_MitjaNemec_ReplicateLayout.replicate_layout 986:Dst text UUid:27f235ed-2d89-4590-b751-e45bfb868b11
11-25 15:56:16 com_github_MitjaNemec_ReplicateLayout.replicate_layout 985:Src text UUid:e1503278-a4b7-4b08-b7d6-81e6adfec8c3
11-25 15:56:16 com_github_MitjaNemec_ReplicateLayout.replicate_layout 986:Dst text UUid:7ce6ffc2-16a5-4e46-b08d-7f4b28af548e
11-25 15:56:16 com_github_MitjaNemec_ReplicateLayout.replicate_layout 868:Replicating footprints on sheet ['SiPM_PWR8']
11-25 15:56:16 com_github_MitjaNemec_ReplicateLayout.replicate_layout 985:Src text UUid:d1526190-f74f-4a1a-8b26-1b0eb3c14f0c
11-25 15:56:16 com_github_MitjaNemec_ReplicateLayout.replicate_layout 986:Dst text UUid:0277ddd1-0cfb-4bcb-a6f1-3b1d20df9ba7
11-25 15:56:16 com_github_MitjaNemec_ReplicateLayout.replicate_layout 985:Src text UUid:b6cde528-8a8e-47e8-90a2-436eafe6b81f
11-25 15:56:16 com_github_MitjaNemec_ReplicateLayout.replicate_layout 986:Dst text UUid:fdc1a485-5ca9-4a69-b3f4-816b587443f1
11-25 15:56:16 com_github_MitjaNemec_ReplicateLayout.replicate_layout 985:Src text UUid:833367f6-05bd-4884-a3b1-e5392be07d69
11-25 15:56:16 com_github_MitjaNemec_ReplicateLayout.replicate_layout 986:Dst text UUid:d1e3f3ce-cd0b-4aaf-bf14-d20e34b57925
11-25 15:56:16 com_github_MitjaNemec_ReplicateLayout.replicate_layout 985:Src text UUid:e1503278-a4b7-4b08-b7d6-81e6adfec8c3
11-25 15:56:16 com_github_MitjaNemec_ReplicateLayout.replicate_layout 986:Dst text UUid:345d6306-ac1f-4679-b0d4-e912d8ba5db7
11-25 15:56:16 root 332:updating GUI message: 'Replicating tracks'
11-25 15:56:16 com_github_MitjaNemec_ReplicateLayout.replicate_layout 1009:Replicating tracks
11-25 15:56:16 com_github_MitjaNemec_ReplicateLayout.replicate_layout 1015:Replicating tracks on sheet ['SiPM_PWR']
11-25 15:56:16 com_github_MitjaNemec_ReplicateLayout.replicate_layout 792:Net pairs for sheet ['SiPM_PWR'] :[('/V_SEC_IN', '/V_SEC_IN'), ('CHASSIS', 'CHASSIS'), ('/V_P5V_RTN', '/V_P5V_RTN'), ('/V_P5V', '/V_P5V'), ('/V_SEC_RTN', '/V_SEC_RTN')]
11-25 15:56:16 com_github_MitjaNemec_ReplicateLayout.replicate_layout 1015:Replicating tracks on sheet ['SiPM_PWR1']
11-25 15:56:16 com_github_MitjaNemec_ReplicateLayout.replicate_layout 792:Net pairs for sheet ['SiPM_PWR1'] :[('/V_SEC_IN', '/V_SEC_IN'), ('CHASSIS', 'CHASSIS'), ('/V_P5V_RTN', '/V_P5V_RTN'), ('/V_P5V', '/V_P5V'), ('/V_SEC_RTN', '/V_SEC_RTN')]
11-25 15:56:16 root 337:updating GUI with: 25
11-25 15:56:16 com_github_MitjaNemec_ReplicateLayout.replicate_layout 1015:Replicating tracks on sheet ['SiPM_PWR2']
11-25 15:56:16 com_github_MitjaNemec_ReplicateLayout.replicate_layout 792:Net pairs for sheet ['SiPM_PWR2'] :[('/V_SEC_IN', '/V_SEC_IN'), ('CHASSIS', 'CHASSIS'), ('/V_P5V_RTN', '/V_P5V_RTN'), ('/V_P5V', '/V_P5V'), ('/V_SEC_RTN', '/V_SEC_RTN')]
11-25 15:56:16 com_github_MitjaNemec_ReplicateLayout.replicate_layout 1015:Replicating tracks on sheet ['SiPM_PWR3']
11-25 15:56:16 com_github_MitjaNemec_ReplicateLayout.replicate_layout 792:Net pairs for sheet ['SiPM_PWR3'] :[('/V_SEC_IN', '/V_SEC_IN'), ('CHASSIS', 'CHASSIS'), ('/V_P5V_RTN', '/V_P5V_RTN'), ('/V_P5V', '/V_P5V'), ('/V_SEC_RTN', '/V_SEC_RTN')]
11-25 15:56:16 com_github_MitjaNemec_ReplicateLayout.replicate_layout 1015:Replicating tracks on sheet ['SiPM_PWR5']
11-25 15:56:16 com_github_MitjaNemec_ReplicateLayout.replicate_layout 792:Net pairs for sheet ['SiPM_PWR5'] :[('/V_SEC_IN', '/V_SEC_IN'), ('CHASSIS', 'CHASSIS'), ('/V_P5V_RTN', '/V_P5V_RTN'), ('/V_P5V', '/V_P5V'), ('/V_SEC_RTN', '/V_SEC_RTN')]
11-25 15:56:16 com_github_MitjaNemec_ReplicateLayout.replicate_layout 1015:Replicating tracks on sheet ['SiPM_PWR6']
11-25 15:56:16 com_github_MitjaNemec_ReplicateLayout.replicate_layout 792:Net pairs for sheet ['SiPM_PWR6'] :[('/V_SEC_IN', '/V_SEC_IN'), ('CHASSIS', 'CHASSIS'), ('/V_P5V_RTN', '/V_P5V_RTN'), ('/V_P5V', '/V_P5V'), ('/V_SEC_RTN', '/V_SEC_RTN')]
11-25 15:56:16 com_github_MitjaNemec_ReplicateLayout.replicate_layout 1015:Replicating tracks on sheet ['SiPM_PWR7']
11-25 15:56:16 com_github_MitjaNemec_ReplicateLayout.replicate_layout 792:Net pairs for sheet ['SiPM_PWR7'] :[('/V_SEC_IN', '/V_SEC_IN'), ('CHASSIS', 'CHASSIS'), ('/V_P5V_RTN', '/V_P5V_RTN'), ('/V_P5V', '/V_P5V'), ('/V_SEC_RTN', '/V_SEC_RTN')]
11-25 15:56:16 com_github_MitjaNemec_ReplicateLayout.replicate_layout 1015:Replicating tracks on sheet ['SiPM_PWR8']
11-25 15:56:16 com_github_MitjaNemec_ReplicateLayout.replicate_layout 792:Net pairs for sheet ['SiPM_PWR8'] :[('/V_SEC_IN', '/V_SEC_IN'), ('CHASSIS', 'CHASSIS'), ('/V_P5V_RTN', '/V_P5V_RTN'), ('/V_P5V', '/V_P5V'), ('/V_SEC_RTN', '/V_SEC_RTN')]
11-25 15:56:16 root 332:updating GUI message: 'Replicating zones'
11-25 15:56:16 com_github_MitjaNemec_ReplicateLayout.replicate_layout 1079:Replicating zones
11-25 15:56:16 com_github_MitjaNemec_ReplicateLayout.replicate_layout 1086:Replicating zones on sheet ['SiPM_PWR']
11-25 15:56:16 com_github_MitjaNemec_ReplicateLayout.replicate_layout 792:Net pairs for sheet ['SiPM_PWR'] :[('/V_SEC_IN', '/V_SEC_IN'), ('CHASSIS', 'CHASSIS'), ('/V_P5V_RTN', '/V_P5V_RTN'), ('/V_P5V', '/V_P5V'), ('/V_SEC_RTN', '/V_SEC_RTN')]
11-25 15:56:16 com_github_MitjaNemec_ReplicateLayout.replicate_layout 1086:Replicating zones on sheet ['SiPM_PWR1']
11-25 15:56:16 com_github_MitjaNemec_ReplicateLayout.replicate_layout 792:Net pairs for sheet ['SiPM_PWR1'] :[('/V_SEC_IN', '/V_SEC_IN'), ('CHASSIS', 'CHASSIS'), ('/V_P5V_RTN', '/V_P5V_RTN'), ('/V_P5V', '/V_P5V'), ('/V_SEC_RTN', '/V_SEC_RTN')]
11-25 15:56:16 com_github_MitjaNemec_ReplicateLayout.replicate_layout 1086:Replicating zones on sheet ['SiPM_PWR2']
11-25 15:56:16 com_github_MitjaNemec_ReplicateLayout.replicate_layout 792:Net pairs for sheet ['SiPM_PWR2'] :[('/V_SEC_IN', '/V_SEC_IN'), ('CHASSIS', 'CHASSIS'), ('/V_P5V_RTN', '/V_P5V_RTN'), ('/V_P5V', '/V_P5V'), ('/V_SEC_RTN', '/V_SEC_RTN')]
11-25 15:56:16 com_github_MitjaNemec_ReplicateLayout.replicate_layout 1086:Replicating zones on sheet ['SiPM_PWR3']
11-25 15:56:16 com_github_MitjaNemec_ReplicateLayout.replicate_layout 792:Net pairs for sheet ['SiPM_PWR3'] :[('/V_SEC_IN', '/V_SEC_IN'), ('CHASSIS', 'CHASSIS'), ('/V_P5V_RTN', '/V_P5V_RTN'), ('/V_P5V', '/V_P5V'), ('/V_SEC_RTN', '/V_SEC_RTN')]
11-25 15:56:16 com_github_MitjaNemec_ReplicateLayout.replicate_layout 1086:Replicating zones on sheet ['SiPM_PWR5']
11-25 15:56:16 com_github_MitjaNemec_ReplicateLayout.replicate_layout 792:Net pairs for sheet ['SiPM_PWR5'] :[('/V_SEC_IN', '/V_SEC_IN'), ('CHASSIS', 'CHASSIS'), ('/V_P5V_RTN', '/V_P5V_RTN'), ('/V_P5V', '/V_P5V'), ('/V_SEC_RTN', '/V_SEC_RTN')]
11-25 15:56:16 com_github_MitjaNemec_ReplicateLayout.replicate_layout 1086:Replicating zones on sheet ['SiPM_PWR6']
11-25 15:56:16 com_github_MitjaNemec_ReplicateLayout.replicate_layout 792:Net pairs for sheet ['SiPM_PWR6'] :[('/V_SEC_IN', '/V_SEC_IN'), ('CHASSIS', 'CHASSIS'), ('/V_P5V_RTN', '/V_P5V_RTN'), ('/V_P5V', '/V_P5V'), ('/V_SEC_RTN', '/V_SEC_RTN')]
11-25 15:56:16 com_github_MitjaNemec_ReplicateLayout.replicate_layout 1086:Replicating zones on sheet ['SiPM_PWR7']
11-25 15:56:16 com_github_MitjaNemec_ReplicateLayout.replicate_layout 792:Net pairs for sheet ['SiPM_PWR7'] :[('/V_SEC_IN', '/V_SEC_IN'), ('CHASSIS', 'CHASSIS'), ('/V_P5V_RTN', '/V_P5V_RTN'), ('/V_P5V', '/V_P5V'), ('/V_SEC_RTN', '/V_SEC_RTN')]
11-25 15:56:16 com_github_MitjaNemec_ReplicateLayout.replicate_layout 1086:Replicating zones on sheet ['SiPM_PWR8']
11-25 15:56:16 com_github_MitjaNemec_ReplicateLayout.replicate_layout 792:Net pairs for sheet ['SiPM_PWR8'] :[('/V_SEC_IN', '/V_SEC_IN'), ('CHASSIS', 'CHASSIS'), ('/V_P5V_RTN', '/V_P5V_RTN'), ('/V_P5V', '/V_P5V'), ('/V_SEC_RTN', '/V_SEC_RTN')]
11-25 15:56:16 root 332:updating GUI message: 'Replicating text'
11-25 15:56:16 com_github_MitjaNemec_ReplicateLayout.replicate_layout 1168:Replicating text
11-25 15:56:16 com_github_MitjaNemec_ReplicateLayout.replicate_layout 1175:Replicating text on sheet ['SiPM_PWR']
11-25 15:56:16 com_github_MitjaNemec_ReplicateLayout.replicate_layout 1175:Replicating text on sheet ['SiPM_PWR1']
11-25 15:56:16 com_github_MitjaNemec_ReplicateLayout.replicate_layout 1175:Replicating text on sheet ['SiPM_PWR2']
11-25 15:56:16 com_github_MitjaNemec_ReplicateLayout.replicate_layout 1175:Replicating text on sheet ['SiPM_PWR3']
11-25 15:56:16 com_github_MitjaNemec_ReplicateLayout.replicate_layout 1175:Replicating text on sheet ['SiPM_PWR5']
11-25 15:56:16 com_github_MitjaNemec_ReplicateLayout.replicate_layout 1175:Replicating text on sheet ['SiPM_PWR6']
11-25 15:56:16 com_github_MitjaNemec_ReplicateLayout.replicate_layout 1175:Replicating text on sheet ['SiPM_PWR7']
11-25 15:56:16 com_github_MitjaNemec_ReplicateLayout.replicate_layout 1175:Replicating text on sheet ['SiPM_PWR8']
11-25 15:56:16 root 332:updating GUI message: 'Replicating drawings'
11-25 15:56:16 com_github_MitjaNemec_ReplicateLayout.replicate_layout 1219:Replicating drawings
11-25 15:56:16 com_github_MitjaNemec_ReplicateLayout.replicate_layout 1225:Replicating drawings on sheet ['SiPM_PWR']
11-25 15:56:16 com_github_MitjaNemec_ReplicateLayout.replicate_layout 1225:Replicating drawings on sheet ['SiPM_PWR1']
11-25 15:56:16 com_github_MitjaNemec_ReplicateLayout.replicate_layout 1225:Replicating drawings on sheet ['SiPM_PWR2']
11-25 15:56:16 com_github_MitjaNemec_ReplicateLayout.replicate_layout 1225:Replicating drawings on sheet ['SiPM_PWR3']
11-25 15:56:16 com_github_MitjaNemec_ReplicateLayout.replicate_layout 1225:Replicating drawings on sheet ['SiPM_PWR5']
11-25 15:56:16 com_github_MitjaNemec_ReplicateLayout.replicate_layout 1225:Replicating drawings on sheet ['SiPM_PWR6']
11-25 15:56:16 com_github_MitjaNemec_ReplicateLayout.replicate_layout 1225:Replicating drawings on sheet ['SiPM_PWR7']
11-25 15:56:16 com_github_MitjaNemec_ReplicateLayout.replicate_layout 1225:Replicating drawings on sheet ['SiPM_PWR8']
11-25 15:56:16 com_github_MitjaNemec_ReplicateLayout.action_replicate_layout 256:Replication complete
