02-06 13:04:37 com_github_MitjaNemec_ReplicateLayout.action_replicate_layout 392:Plugin executed on: 'win32'
02-06 13:04:37 com_github_MitjaNemec_ReplicateLayout.action_replicate_layout 393:Plugin executed with python version: '3.11.5 (main, Aug 14 2024, 05:26:19) [MSC v.1939 64 bit (AMD64)]'
02-06 13:04:37 com_github_MitjaNemec_ReplicateLayout.action_replicate_layout 394:KiCad build version: 8.0.6
02-06 13:04:37 com_github_MitjaNemec_ReplicateLayout.action_replicate_layout 395:Plugin version: 3.0.3
02-06 13:04:37 com_github_MitjaNemec_ReplicateLayout.action_replicate_layout 396:Frame repr: <wx._core.Frame object at 0x00000202233D7640>
02-06 13:04:37 com_github_MitjaNemec_ReplicateLayout.action_replicate_layout 420:Preparing replicator with U1 as a reference
02-06 13:04:37 com_github_MitjaNemec_ReplicateLayout.replicate_layout 117:getting a list of all footprints on board
02-06 13:04:37 com_github_MitjaNemec_ReplicateLayout.action_replicate_layout 468:source anchor footprint is 'U1'
Located on: ['Main_CKT', 'Shaper_PDU']
With filenames: ['Main_CKT.kicad_sch', 'Shaper_PUD.kicad_sch']
With sheet_id:['Main_CKT', 'Shaper_PDU']
02-06 13:04:37 com_github_MitjaNemec_ReplicateLayout.action_replicate_layout 475:Corresponding footprints are 
[('U1', ['Main_CKT', 'Shaper_PDU']), ('U3', ['Main_CKT', 'Shaper_PDU2']), ('U2', ['Main_CKT', 'Shaper_PDU1'])]
02-06 13:04:37 com_github_MitjaNemec_ReplicateLayout.action_replicate_layout 487:Showing dialog
02-06 13:04:37 com_github_MitjaNemec_ReplicateLayout.replicate_layout 472:constructing a list of sheets suitable for replication on level:'Shaper_PDU', file:'Shaper_PUD.kicad_sch'
02-06 13:04:37 com_github_MitjaNemec_ReplicateLayout.replicate_layout 509:suitable sheets are:[['Main_CKT', 'Shaper_PDU1'], ['Main_CKT', 'Shaper_PDU2']]
02-06 13:04:37 com_github_MitjaNemec_ReplicateLayout.replicate_layout 1507:Level selected: ['Main_CKT', 'Shaper_PDU']
02-06 13:04:37 com_github_MitjaNemec_ReplicateLayout.replicate_layout 1331:Filtering list of tracks
02-06 13:04:38 com_github_MitjaNemec_ReplicateLayout.action_replicate_layout 493:Toolbar position: wx.Point(4446, 77)
02-06 13:04:38 com_github_MitjaNemec_ReplicateLayout.action_replicate_layout 498:Dialog position: wx.Point(4007, 77)
02-06 13:04:40 com_github_MitjaNemec_ReplicateLayout.replicate_layout 472:constructing a list of sheets suitable for replication on level:'Shaper_PDU', file:'Shaper_PUD.kicad_sch'
02-06 13:04:40 com_github_MitjaNemec_ReplicateLayout.replicate_layout 509:suitable sheets are:[['Main_CKT', 'Shaper_PDU1'], ['Main_CKT', 'Shaper_PDU2']]
02-06 13:04:40 com_github_MitjaNemec_ReplicateLayout.action_replicate_layout 240:Replicating layout
02-06 13:04:40 com_github_MitjaNemec_ReplicateLayout.replicate_layout 288:Starting replication of sheets: [['Main_CKT', 'Shaper_PDU1'], ['Main_CKT', 'Shaper_PDU2']]
on level: ['Main_CKT', 'Shaper_PDU']
with tracks=True, zone=True, text=True, text=True, intersecting=False, remove=False, locked footprints=False, group_only=False
02-06 13:04:40 root 332:updating GUI message: 'Preparing for replication'
02-06 13:04:40 root 337:updating GUI with: 0
02-06 13:04:40 com_github_MitjaNemec_ReplicateLayout.replicate_layout 358:Getting the list of source footprints
02-06 13:04:40 com_github_MitjaNemec_ReplicateLayout.replicate_layout 368:Getting the list of all the remaining footprints
02-06 13:04:40 com_github_MitjaNemec_ReplicateLayout.replicate_layout 375:Getting source tracks
02-06 13:04:40 com_github_MitjaNemec_ReplicateLayout.replicate_layout 1331:Filtering list of tracks
02-06 13:04:40 com_github_MitjaNemec_ReplicateLayout.replicate_layout 379:Getting source zones
02-06 13:04:40 com_github_MitjaNemec_ReplicateLayout.replicate_layout 383:Getting source text items
02-06 13:04:40 root 337:updating GUI with: 66
02-06 13:04:40 com_github_MitjaNemec_ReplicateLayout.replicate_layout 387:Getting source drawing items
02-06 13:04:40 root 332:updating GUI message: 'Replicating footprints'
02-06 13:04:40 com_github_MitjaNemec_ReplicateLayout.replicate_layout 861:Replicating footprints
02-06 13:04:40 com_github_MitjaNemec_ReplicateLayout.replicate_layout 868:Replicating footprints on sheet ['Main_CKT', 'Shaper_PDU1']
02-06 13:04:40 com_github_MitjaNemec_ReplicateLayout.replicate_layout 985:Src text UUid:a3a9b60f-6fd4-4a96-bf64-388d15a2753f
02-06 13:04:40 com_github_MitjaNemec_ReplicateLayout.replicate_layout 986:Dst text UUid:276f656f-47fd-42c5-9541-054f111576d0
02-06 13:04:40 com_github_MitjaNemec_ReplicateLayout.replicate_layout 985:Src text UUid:951d0c5f-ef72-40c0-a859-3830c4a073b7
02-06 13:04:40 com_github_MitjaNemec_ReplicateLayout.replicate_layout 986:Dst text UUid:9fe10e6a-d943-4429-a108-ad0675f35542
02-06 13:04:40 com_github_MitjaNemec_ReplicateLayout.replicate_layout 985:Src text UUid:89a50bb8-cf7c-476b-92e5-863af489fcc2
02-06 13:04:40 com_github_MitjaNemec_ReplicateLayout.replicate_layout 986:Dst text UUid:63fc46e4-318a-4db4-bb6a-f1607e9a2219
02-06 13:04:40 com_github_MitjaNemec_ReplicateLayout.replicate_layout 985:Src text UUid:46bd4567-d3fa-4991-8be6-8ec05eefe76b
02-06 13:04:40 com_github_MitjaNemec_ReplicateLayout.replicate_layout 986:Dst text UUid:e97821be-7ec2-45d0-9cb1-d6febc2b55e6
02-06 13:04:40 com_github_MitjaNemec_ReplicateLayout.replicate_layout 985:Src text UUid:0bf48852-e4a4-4217-9655-a36bfaf570de
02-06 13:04:40 com_github_MitjaNemec_ReplicateLayout.replicate_layout 986:Dst text UUid:f7482f6d-faf7-4b94-a0a3-de08521730ef
02-06 13:04:40 com_github_MitjaNemec_ReplicateLayout.replicate_layout 985:Src text UUid:92c86dca-63e3-43f5-84cd-e0394b51b4a9
02-06 13:04:40 com_github_MitjaNemec_ReplicateLayout.replicate_layout 986:Dst text UUid:6c26e0e2-56cc-4571-b6ce-dd0f34214ec1
02-06 13:04:40 com_github_MitjaNemec_ReplicateLayout.replicate_layout 985:Src text UUid:17e75f41-e286-49a4-8b0e-a5b32aebf2f5
02-06 13:04:40 com_github_MitjaNemec_ReplicateLayout.replicate_layout 986:Dst text UUid:cb0ac1d4-77f4-47fe-b948-6bf49012c10f
02-06 13:04:40 com_github_MitjaNemec_ReplicateLayout.replicate_layout 985:Src text UUid:32cd0fb4-d28c-439e-94cf-5261ce4e13af
02-06 13:04:40 com_github_MitjaNemec_ReplicateLayout.replicate_layout 986:Dst text UUid:8b24718f-8f96-4697-b0b1-74979dcdc147
02-06 13:04:40 com_github_MitjaNemec_ReplicateLayout.replicate_layout 985:Src text UUid:8b76f437-4366-4654-acb7-2f2f8de5c7bc
02-06 13:04:40 com_github_MitjaNemec_ReplicateLayout.replicate_layout 986:Dst text UUid:6f70edc6-8152-4950-a80f-5a3f866dfa22
02-06 13:04:40 com_github_MitjaNemec_ReplicateLayout.replicate_layout 985:Src text UUid:998d1be4-641b-4536-b7d9-e71f35d17b31
02-06 13:04:40 com_github_MitjaNemec_ReplicateLayout.replicate_layout 986:Dst text UUid:ee424cff-2f42-4763-a47d-8d1f750e3462
02-06 13:04:40 com_github_MitjaNemec_ReplicateLayout.replicate_layout 985:Src text UUid:59f67a00-08e3-4360-abc1-4316a537ccdb
02-06 13:04:40 com_github_MitjaNemec_ReplicateLayout.replicate_layout 986:Dst text UUid:abaebfef-3093-491e-87eb-412cdd34ee7a
02-06 13:04:40 com_github_MitjaNemec_ReplicateLayout.replicate_layout 985:Src text UUid:e0de9309-831a-4d49-8089-c5326ebe77e1
02-06 13:04:40 com_github_MitjaNemec_ReplicateLayout.replicate_layout 986:Dst text UUid:7d0312ef-56b9-4f99-9321-2fa86894c3cd
02-06 13:04:40 com_github_MitjaNemec_ReplicateLayout.replicate_layout 985:Src text UUid:396a7ff0-4971-4880-9ae9-1bdd1c02dd8b
02-06 13:04:40 com_github_MitjaNemec_ReplicateLayout.replicate_layout 986:Dst text UUid:3024c9d1-1761-4484-8cca-e71cfe7c110b
02-06 13:04:40 com_github_MitjaNemec_ReplicateLayout.replicate_layout 985:Src text UUid:8eb2ef69-2eb3-4ec1-823f-00fa07747656
02-06 13:04:40 com_github_MitjaNemec_ReplicateLayout.replicate_layout 986:Dst text UUid:a60a176a-f7a8-4e4c-9675-1baae5dd7a2c
02-06 13:04:40 com_github_MitjaNemec_ReplicateLayout.replicate_layout 985:Src text UUid:971ff896-29f0-40b9-9a18-084607d0f679
02-06 13:04:40 com_github_MitjaNemec_ReplicateLayout.replicate_layout 986:Dst text UUid:97d493d2-2e1a-4408-af07-609bf5e4202f
02-06 13:04:40 com_github_MitjaNemec_ReplicateLayout.replicate_layout 985:Src text UUid:a7f755c3-c3ee-436a-afda-e7bda50ab2b2
02-06 13:04:40 com_github_MitjaNemec_ReplicateLayout.replicate_layout 986:Dst text UUid:b5220853-215b-442d-a45a-8a3a4b48e980
02-06 13:04:40 com_github_MitjaNemec_ReplicateLayout.replicate_layout 985:Src text UUid:6c3199b2-f06e-4c6b-804b-f5812f06c54d
02-06 13:04:40 com_github_MitjaNemec_ReplicateLayout.replicate_layout 986:Dst text UUid:45e87c2f-560e-49aa-8740-c2453e150ab1
02-06 13:04:40 com_github_MitjaNemec_ReplicateLayout.replicate_layout 985:Src text UUid:d9bf2934-8c10-480d-8985-2c51de72d231
02-06 13:04:40 com_github_MitjaNemec_ReplicateLayout.replicate_layout 986:Dst text UUid:3ffd869f-90dd-425a-9448-13bae4b451f9
02-06 13:04:40 com_github_MitjaNemec_ReplicateLayout.replicate_layout 985:Src text UUid:2ed38340-33c0-47c7-9222-4422660b243c
02-06 13:04:40 com_github_MitjaNemec_ReplicateLayout.replicate_layout 986:Dst text UUid:f8b2a862-7aaa-413c-81c0-a34e2609e9d3
02-06 13:04:40 com_github_MitjaNemec_ReplicateLayout.replicate_layout 985:Src text UUid:2447b49d-4bda-4b9c-9fed-31df6e6072ab
02-06 13:04:40 com_github_MitjaNemec_ReplicateLayout.replicate_layout 986:Dst text UUid:99e2fb8b-89ef-4321-b1c0-60f74479f129
02-06 13:04:40 com_github_MitjaNemec_ReplicateLayout.replicate_layout 985:Src text UUid:d3616657-1ab7-4fd7-9a4b-c288ece82376
02-06 13:04:40 com_github_MitjaNemec_ReplicateLayout.replicate_layout 986:Dst text UUid:9f233f83-2c44-44bc-9f15-cca4f1c07754
02-06 13:04:40 com_github_MitjaNemec_ReplicateLayout.replicate_layout 985:Src text UUid:b2d1db0c-6406-4b6b-9918-86c9209d8815
02-06 13:04:40 com_github_MitjaNemec_ReplicateLayout.replicate_layout 986:Dst text UUid:b57d8a19-85f8-42d0-bacc-ba5d4321122c
02-06 13:04:40 com_github_MitjaNemec_ReplicateLayout.replicate_layout 985:Src text UUid:d8f646ad-bf75-4d04-b197-75ef41155a20
02-06 13:04:40 com_github_MitjaNemec_ReplicateLayout.replicate_layout 986:Dst text UUid:bfd03c5a-cae4-45ca-9ce8-5aac61bca36d
02-06 13:04:40 com_github_MitjaNemec_ReplicateLayout.replicate_layout 985:Src text UUid:ce5b145b-6b3f-4d92-a02d-48446e4892c4
02-06 13:04:40 com_github_MitjaNemec_ReplicateLayout.replicate_layout 986:Dst text UUid:6f9ba928-20ba-4251-8e80-8d56bc19c9b1
02-06 13:04:40 com_github_MitjaNemec_ReplicateLayout.replicate_layout 985:Src text UUid:1df6d2a7-9893-404f-84a3-8732dd6cd036
02-06 13:04:40 com_github_MitjaNemec_ReplicateLayout.replicate_layout 986:Dst text UUid:74518255-6cf1-4d97-be75-65146be64c20
02-06 13:04:40 com_github_MitjaNemec_ReplicateLayout.replicate_layout 985:Src text UUid:1732d372-ac5e-4e45-9cbd-00e85edc1f0e
02-06 13:04:40 com_github_MitjaNemec_ReplicateLayout.replicate_layout 986:Dst text UUid:270bddfe-4596-4b83-b4c9-868536f12f21
02-06 13:04:40 com_github_MitjaNemec_ReplicateLayout.replicate_layout 985:Src text UUid:87a13579-0fae-455b-b908-64c7d150b5e9
02-06 13:04:40 com_github_MitjaNemec_ReplicateLayout.replicate_layout 986:Dst text UUid:d58be1ae-10ef-4b2b-94bf-f92c7d03f13d
02-06 13:04:40 com_github_MitjaNemec_ReplicateLayout.replicate_layout 985:Src text UUid:e2c2ea40-43a3-4ec9-84c0-ae373806672d
02-06 13:04:40 com_github_MitjaNemec_ReplicateLayout.replicate_layout 986:Dst text UUid:42710ace-aa33-4a89-874e-6271979d25aa
02-06 13:04:40 com_github_MitjaNemec_ReplicateLayout.replicate_layout 985:Src text UUid:fcecc7d8-361a-4ad3-a0db-f031945a071a
02-06 13:04:40 com_github_MitjaNemec_ReplicateLayout.replicate_layout 986:Dst text UUid:e9a29d0b-4aa2-436f-9c68-d1a96311a0fb
02-06 13:04:40 com_github_MitjaNemec_ReplicateLayout.replicate_layout 985:Src text UUid:b8f1e9f8-6aba-4e19-9896-1ed9ab0c989f
02-06 13:04:40 com_github_MitjaNemec_ReplicateLayout.replicate_layout 986:Dst text UUid:d762b74c-e565-4eb1-b10c-abaa541882b9
02-06 13:04:40 com_github_MitjaNemec_ReplicateLayout.replicate_layout 985:Src text UUid:76e7cb38-5b46-4c57-9d40-2004a0cd2769
02-06 13:04:40 com_github_MitjaNemec_ReplicateLayout.replicate_layout 986:Dst text UUid:925c47a7-b2c2-418c-93af-e7863c330db0
02-06 13:04:40 com_github_MitjaNemec_ReplicateLayout.replicate_layout 985:Src text UUid:6995deef-164e-4b7f-8d2f-c5a593f5532c
02-06 13:04:40 com_github_MitjaNemec_ReplicateLayout.replicate_layout 986:Dst text UUid:d4fbb3ca-1b68-4e1c-88bc-1c43419d98e0
02-06 13:04:40 com_github_MitjaNemec_ReplicateLayout.replicate_layout 985:Src text UUid:ead1e07c-41c5-43f8-9b16-24cccf634c5a
02-06 13:04:40 com_github_MitjaNemec_ReplicateLayout.replicate_layout 986:Dst text UUid:43276c41-c90a-4083-b48a-52500055b74f
02-06 13:04:40 com_github_MitjaNemec_ReplicateLayout.replicate_layout 985:Src text UUid:e48a04a4-5f13-4cbd-96c4-a75f5c724e9f
02-06 13:04:40 com_github_MitjaNemec_ReplicateLayout.replicate_layout 986:Dst text UUid:bc609a21-e21e-4523-b672-4b84b7ca5e7f
02-06 13:04:40 com_github_MitjaNemec_ReplicateLayout.replicate_layout 985:Src text UUid:1dda4148-4e42-4f02-861c-5047c00e827a
02-06 13:04:40 com_github_MitjaNemec_ReplicateLayout.replicate_layout 986:Dst text UUid:2748bfa1-8aaa-4718-bbbc-088af43e685a
02-06 13:04:40 com_github_MitjaNemec_ReplicateLayout.replicate_layout 985:Src text UUid:e084dbc4-c2ad-49e5-b195-b00e13369b50
02-06 13:04:40 com_github_MitjaNemec_ReplicateLayout.replicate_layout 986:Dst text UUid:11302ac3-93ce-49fb-8295-f08334ce0362
02-06 13:04:40 com_github_MitjaNemec_ReplicateLayout.replicate_layout 985:Src text UUid:2489e6ce-ad87-40af-b032-5a730f69dbed
02-06 13:04:40 com_github_MitjaNemec_ReplicateLayout.replicate_layout 986:Dst text UUid:1300207f-66a1-4f8b-a112-10ba8fd0cd7d
02-06 13:04:40 com_github_MitjaNemec_ReplicateLayout.replicate_layout 985:Src text UUid:aea78bb3-af0a-426e-95fa-f5ee1c68618f
02-06 13:04:40 com_github_MitjaNemec_ReplicateLayout.replicate_layout 986:Dst text UUid:fcbb0116-5d0d-4fab-9728-f9bceaaefa08
02-06 13:04:40 com_github_MitjaNemec_ReplicateLayout.replicate_layout 868:Replicating footprints on sheet ['Main_CKT', 'Shaper_PDU2']
02-06 13:04:40 com_github_MitjaNemec_ReplicateLayout.replicate_layout 985:Src text UUid:a3a9b60f-6fd4-4a96-bf64-388d15a2753f
02-06 13:04:40 com_github_MitjaNemec_ReplicateLayout.replicate_layout 986:Dst text UUid:28433794-f3ea-4a59-8e39-25b1cafbb784
02-06 13:04:40 com_github_MitjaNemec_ReplicateLayout.replicate_layout 985:Src text UUid:951d0c5f-ef72-40c0-a859-3830c4a073b7
02-06 13:04:40 com_github_MitjaNemec_ReplicateLayout.replicate_layout 986:Dst text UUid:e44aa7dc-5d9e-4554-8697-4ef335046da8
02-06 13:04:40 com_github_MitjaNemec_ReplicateLayout.replicate_layout 985:Src text UUid:89a50bb8-cf7c-476b-92e5-863af489fcc2
02-06 13:04:40 com_github_MitjaNemec_ReplicateLayout.replicate_layout 986:Dst text UUid:d999a376-3fe8-4804-a892-8a9b0513865f
02-06 13:04:40 com_github_MitjaNemec_ReplicateLayout.replicate_layout 985:Src text UUid:46bd4567-d3fa-4991-8be6-8ec05eefe76b
02-06 13:04:40 com_github_MitjaNemec_ReplicateLayout.replicate_layout 986:Dst text UUid:8f6feb7c-6ecc-48a7-a0c5-f51901243405
02-06 13:04:40 com_github_MitjaNemec_ReplicateLayout.replicate_layout 985:Src text UUid:0bf48852-e4a4-4217-9655-a36bfaf570de
02-06 13:04:40 com_github_MitjaNemec_ReplicateLayout.replicate_layout 986:Dst text UUid:2d327af3-f338-4b6b-b524-40a7213aa6fe
02-06 13:04:40 com_github_MitjaNemec_ReplicateLayout.replicate_layout 985:Src text UUid:92c86dca-63e3-43f5-84cd-e0394b51b4a9
02-06 13:04:40 com_github_MitjaNemec_ReplicateLayout.replicate_layout 986:Dst text UUid:be9de79b-0efd-42ce-a8f4-456762ed9794
02-06 13:04:40 com_github_MitjaNemec_ReplicateLayout.replicate_layout 985:Src text UUid:17e75f41-e286-49a4-8b0e-a5b32aebf2f5
02-06 13:04:40 com_github_MitjaNemec_ReplicateLayout.replicate_layout 986:Dst text UUid:ae62fd60-a478-4f35-9965-d752abf78b98
02-06 13:04:40 com_github_MitjaNemec_ReplicateLayout.replicate_layout 985:Src text UUid:32cd0fb4-d28c-439e-94cf-5261ce4e13af
02-06 13:04:40 com_github_MitjaNemec_ReplicateLayout.replicate_layout 986:Dst text UUid:9fca691b-d0f7-49fc-b5d3-5d824a3186cc
02-06 13:04:40 com_github_MitjaNemec_ReplicateLayout.replicate_layout 985:Src text UUid:8b76f437-4366-4654-acb7-2f2f8de5c7bc
02-06 13:04:40 com_github_MitjaNemec_ReplicateLayout.replicate_layout 986:Dst text UUid:ca2746fe-778e-4d2e-a5fc-98e98306b2b2
02-06 13:04:40 com_github_MitjaNemec_ReplicateLayout.replicate_layout 985:Src text UUid:998d1be4-641b-4536-b7d9-e71f35d17b31
02-06 13:04:40 com_github_MitjaNemec_ReplicateLayout.replicate_layout 986:Dst text UUid:abcb42ee-e9aa-4274-b32c-333a506c8beb
02-06 13:04:40 com_github_MitjaNemec_ReplicateLayout.replicate_layout 985:Src text UUid:59f67a00-08e3-4360-abc1-4316a537ccdb
02-06 13:04:40 com_github_MitjaNemec_ReplicateLayout.replicate_layout 986:Dst text UUid:d18e2cc5-3ac8-4d86-baf7-0659ea835d27
02-06 13:04:40 com_github_MitjaNemec_ReplicateLayout.replicate_layout 985:Src text UUid:e0de9309-831a-4d49-8089-c5326ebe77e1
02-06 13:04:40 com_github_MitjaNemec_ReplicateLayout.replicate_layout 986:Dst text UUid:657b34a7-0f13-48bd-86f0-06b88c8c7387
02-06 13:04:40 com_github_MitjaNemec_ReplicateLayout.replicate_layout 985:Src text UUid:396a7ff0-4971-4880-9ae9-1bdd1c02dd8b
02-06 13:04:40 com_github_MitjaNemec_ReplicateLayout.replicate_layout 986:Dst text UUid:0113f4f2-f6a4-4bd5-be92-d6cd83870282
02-06 13:04:40 com_github_MitjaNemec_ReplicateLayout.replicate_layout 985:Src text UUid:8eb2ef69-2eb3-4ec1-823f-00fa07747656
02-06 13:04:40 com_github_MitjaNemec_ReplicateLayout.replicate_layout 986:Dst text UUid:4fc89176-0bf2-46b8-9ff1-3d929cd55582
02-06 13:04:40 com_github_MitjaNemec_ReplicateLayout.replicate_layout 985:Src text UUid:971ff896-29f0-40b9-9a18-084607d0f679
02-06 13:04:40 com_github_MitjaNemec_ReplicateLayout.replicate_layout 986:Dst text UUid:ecb3deb0-7f2f-4266-9e25-dd2ddddeeadd
02-06 13:04:40 com_github_MitjaNemec_ReplicateLayout.replicate_layout 985:Src text UUid:a7f755c3-c3ee-436a-afda-e7bda50ab2b2
02-06 13:04:40 com_github_MitjaNemec_ReplicateLayout.replicate_layout 986:Dst text UUid:12dc48a0-ab82-4593-92b0-c197026ab654
02-06 13:04:40 com_github_MitjaNemec_ReplicateLayout.replicate_layout 985:Src text UUid:6c3199b2-f06e-4c6b-804b-f5812f06c54d
02-06 13:04:40 com_github_MitjaNemec_ReplicateLayout.replicate_layout 986:Dst text UUid:7d317907-d006-48eb-bee6-71ed0116616d
02-06 13:04:40 com_github_MitjaNemec_ReplicateLayout.replicate_layout 985:Src text UUid:d9bf2934-8c10-480d-8985-2c51de72d231
02-06 13:04:40 com_github_MitjaNemec_ReplicateLayout.replicate_layout 986:Dst text UUid:e403b537-f638-4168-94a1-8b141266f839
02-06 13:04:40 com_github_MitjaNemec_ReplicateLayout.replicate_layout 985:Src text UUid:2ed38340-33c0-47c7-9222-4422660b243c
02-06 13:04:40 com_github_MitjaNemec_ReplicateLayout.replicate_layout 986:Dst text UUid:242fd67c-8c3e-404e-a4a7-dc7fdce695d0
02-06 13:04:40 com_github_MitjaNemec_ReplicateLayout.replicate_layout 985:Src text UUid:2447b49d-4bda-4b9c-9fed-31df6e6072ab
02-06 13:04:40 com_github_MitjaNemec_ReplicateLayout.replicate_layout 986:Dst text UUid:0d4f2efb-bbc2-4587-a45a-aabfff733baf
02-06 13:04:40 com_github_MitjaNemec_ReplicateLayout.replicate_layout 985:Src text UUid:d3616657-1ab7-4fd7-9a4b-c288ece82376
02-06 13:04:40 com_github_MitjaNemec_ReplicateLayout.replicate_layout 986:Dst text UUid:78cf57af-93c4-4af9-aa6b-f2375f94fa6a
02-06 13:04:40 com_github_MitjaNemec_ReplicateLayout.replicate_layout 985:Src text UUid:b2d1db0c-6406-4b6b-9918-86c9209d8815
02-06 13:04:40 com_github_MitjaNemec_ReplicateLayout.replicate_layout 986:Dst text UUid:63cf354f-c4a8-4f2a-88ef-8f9cd5b4b576
02-06 13:04:40 com_github_MitjaNemec_ReplicateLayout.replicate_layout 985:Src text UUid:d8f646ad-bf75-4d04-b197-75ef41155a20
02-06 13:04:40 com_github_MitjaNemec_ReplicateLayout.replicate_layout 986:Dst text UUid:e7363463-8602-4f92-97a7-a297d7806398
02-06 13:04:40 com_github_MitjaNemec_ReplicateLayout.replicate_layout 985:Src text UUid:ce5b145b-6b3f-4d92-a02d-48446e4892c4
02-06 13:04:40 com_github_MitjaNemec_ReplicateLayout.replicate_layout 986:Dst text UUid:1fed6e4a-ecbc-4919-8c55-f682cef1a472
02-06 13:04:40 com_github_MitjaNemec_ReplicateLayout.replicate_layout 985:Src text UUid:1df6d2a7-9893-404f-84a3-8732dd6cd036
02-06 13:04:40 com_github_MitjaNemec_ReplicateLayout.replicate_layout 986:Dst text UUid:1b2ac6dc-abbb-4d16-b37f-e55438b8ceb9
02-06 13:04:40 com_github_MitjaNemec_ReplicateLayout.replicate_layout 985:Src text UUid:1732d372-ac5e-4e45-9cbd-00e85edc1f0e
02-06 13:04:40 com_github_MitjaNemec_ReplicateLayout.replicate_layout 986:Dst text UUid:81dc5117-22cb-4ae4-9ee7-da9a8c51bb1e
02-06 13:04:40 com_github_MitjaNemec_ReplicateLayout.replicate_layout 985:Src text UUid:87a13579-0fae-455b-b908-64c7d150b5e9
02-06 13:04:40 com_github_MitjaNemec_ReplicateLayout.replicate_layout 986:Dst text UUid:f182473d-a1b6-45b3-a2bd-9227c2e90b21
02-06 13:04:40 com_github_MitjaNemec_ReplicateLayout.replicate_layout 985:Src text UUid:e2c2ea40-43a3-4ec9-84c0-ae373806672d
02-06 13:04:40 com_github_MitjaNemec_ReplicateLayout.replicate_layout 986:Dst text UUid:33569b24-9991-4650-9188-910a84379bcd
02-06 13:04:40 com_github_MitjaNemec_ReplicateLayout.replicate_layout 985:Src text UUid:fcecc7d8-361a-4ad3-a0db-f031945a071a
02-06 13:04:40 com_github_MitjaNemec_ReplicateLayout.replicate_layout 986:Dst text UUid:7d9dc1e2-6c96-4b72-83a0-2e2b4ec0b5e2
02-06 13:04:40 com_github_MitjaNemec_ReplicateLayout.replicate_layout 985:Src text UUid:b8f1e9f8-6aba-4e19-9896-1ed9ab0c989f
02-06 13:04:40 com_github_MitjaNemec_ReplicateLayout.replicate_layout 986:Dst text UUid:95722924-8aba-414b-b743-4e358f84b67a
02-06 13:04:40 com_github_MitjaNemec_ReplicateLayout.replicate_layout 985:Src text UUid:76e7cb38-5b46-4c57-9d40-2004a0cd2769
02-06 13:04:40 com_github_MitjaNemec_ReplicateLayout.replicate_layout 986:Dst text UUid:0a18624d-371a-476d-aaa7-ded6f743f934
02-06 13:04:40 com_github_MitjaNemec_ReplicateLayout.replicate_layout 985:Src text UUid:6995deef-164e-4b7f-8d2f-c5a593f5532c
02-06 13:04:40 com_github_MitjaNemec_ReplicateLayout.replicate_layout 986:Dst text UUid:91db8ab9-6858-4100-b652-77f9d88cf8aa
02-06 13:04:40 com_github_MitjaNemec_ReplicateLayout.replicate_layout 985:Src text UUid:ead1e07c-41c5-43f8-9b16-24cccf634c5a
02-06 13:04:40 com_github_MitjaNemec_ReplicateLayout.replicate_layout 986:Dst text UUid:7a1d5339-957a-4379-8af8-a7984b560a6b
02-06 13:04:40 com_github_MitjaNemec_ReplicateLayout.replicate_layout 985:Src text UUid:e48a04a4-5f13-4cbd-96c4-a75f5c724e9f
02-06 13:04:40 com_github_MitjaNemec_ReplicateLayout.replicate_layout 986:Dst text UUid:692103af-8f91-4ecc-aadd-1eb20886793a
02-06 13:04:40 com_github_MitjaNemec_ReplicateLayout.replicate_layout 985:Src text UUid:1dda4148-4e42-4f02-861c-5047c00e827a
02-06 13:04:40 com_github_MitjaNemec_ReplicateLayout.replicate_layout 986:Dst text UUid:b5d5be8e-8c04-4475-8371-88c8ec8bd347
02-06 13:04:40 root 337:updating GUI with: 99
02-06 13:04:40 com_github_MitjaNemec_ReplicateLayout.replicate_layout 985:Src text UUid:e084dbc4-c2ad-49e5-b195-b00e13369b50
02-06 13:04:40 com_github_MitjaNemec_ReplicateLayout.replicate_layout 986:Dst text UUid:5d4a33c3-a9f4-4d14-a8b8-64913cb24b90
02-06 13:04:40 com_github_MitjaNemec_ReplicateLayout.replicate_layout 985:Src text UUid:2489e6ce-ad87-40af-b032-5a730f69dbed
02-06 13:04:40 com_github_MitjaNemec_ReplicateLayout.replicate_layout 986:Dst text UUid:2bb9a1dd-fa7e-48c6-8c7d-b706fa57c120
02-06 13:04:40 com_github_MitjaNemec_ReplicateLayout.replicate_layout 985:Src text UUid:aea78bb3-af0a-426e-95fa-f5ee1c68618f
02-06 13:04:40 com_github_MitjaNemec_ReplicateLayout.replicate_layout 986:Dst text UUid:44c7fa12-aa3e-44bd-abb6-2f4be0e137b6
02-06 13:04:40 root 332:updating GUI message: 'Replicating tracks'
02-06 13:04:40 com_github_MitjaNemec_ReplicateLayout.replicate_layout 1009:Replicating tracks
02-06 13:04:40 com_github_MitjaNemec_ReplicateLayout.replicate_layout 1015:Replicating tracks on sheet ['Main_CKT', 'Shaper_PDU1']
02-06 13:04:40 com_github_MitjaNemec_ReplicateLayout.replicate_layout 792:Net pairs for sheet ['Main_CKT', 'Shaper_PDU1'] :[('Net-(U1-+VIN)', 'Net-(U2-+VIN)'), ('unconnected-(U1-TRIM-Pad4)', 'unconnected-(U2-TRIM-Pad4)'), ('Net-(C1-Pad1)', 'Net-(C66-Pad1)'), ('/PM3p3V_RTN', '/M3p3V'), ('Net-(U1--VIN)', 'Net-(U2--VIN)'), ('/P3p3V', '/PM3p3V_RTN'), ('/Main_CKT/Shaper_PDU/V_SEC_IN', '/Main_CKT/Shaper_PDU1/V_SEC_IN'), ('Net-(F1-Pad2)', 'Net-(F5-Pad2)'), ('unconnected-(U1-REMOTE-Pad6)', 'unconnected-(U2-REMOTE-Pad6)'), ('/Main_CKT/Shaper_PDU/V_SEC_RTN', '/Main_CKT/Shaper_PDU1/V_SEC_RTN')]
02-06 13:04:40 com_github_MitjaNemec_ReplicateLayout.replicate_layout 1015:Replicating tracks on sheet ['Main_CKT', 'Shaper_PDU2']
02-06 13:04:40 com_github_MitjaNemec_ReplicateLayout.replicate_layout 776:Significant difference between src net: ['', 'P3p3V'] and dst net: ['', 'V_TELEM'], with src_net_depth=2, dst_net_depth=2, src_fp_depth=2, dst_fp_depth=2, match level 0.58
02-06 13:04:40 com_github_MitjaNemec_ReplicateLayout.replicate_layout 776:Significant difference between src net: ['', 'PM3p3V_RTN'] and dst net: ['', 'V_TELEM_RTN'], with src_net_depth=2, dst_net_depth=2, src_fp_depth=2, dst_fp_depth=2, match level 0.74
02-06 13:04:40 com_github_MitjaNemec_ReplicateLayout.replicate_layout 776:Significant difference between src net: ['', 'P3p3V'] and dst net: ['', 'V_TELEM'], with src_net_depth=2, dst_net_depth=2, src_fp_depth=2, dst_fp_depth=2, match level 0.58
02-06 13:04:40 com_github_MitjaNemec_ReplicateLayout.replicate_layout 776:Significant difference between src net: ['', 'PM3p3V_RTN'] and dst net: ['', 'V_TELEM_RTN'], with src_net_depth=2, dst_net_depth=2, src_fp_depth=2, dst_fp_depth=2, match level 0.74
02-06 13:04:40 com_github_MitjaNemec_ReplicateLayout.replicate_layout 776:Significant difference between src net: ['', 'P3p3V'] and dst net: ['', 'V_TELEM'], with src_net_depth=2, dst_net_depth=2, src_fp_depth=2, dst_fp_depth=2, match level 0.58
02-06 13:04:40 com_github_MitjaNemec_ReplicateLayout.replicate_layout 776:Significant difference between src net: ['', 'PM3p3V_RTN'] and dst net: ['', 'V_TELEM_RTN'], with src_net_depth=2, dst_net_depth=2, src_fp_depth=2, dst_fp_depth=2, match level 0.74
02-06 13:04:40 com_github_MitjaNemec_ReplicateLayout.replicate_layout 776:Significant difference between src net: ['', 'P3p3V'] and dst net: ['', 'V_TELEM'], with src_net_depth=2, dst_net_depth=2, src_fp_depth=2, dst_fp_depth=2, match level 0.58
02-06 13:04:40 com_github_MitjaNemec_ReplicateLayout.replicate_layout 776:Significant difference between src net: ['', 'PM3p3V_RTN'] and dst net: ['', 'V_TELEM_RTN'], with src_net_depth=2, dst_net_depth=2, src_fp_depth=2, dst_fp_depth=2, match level 0.74
02-06 13:04:40 com_github_MitjaNemec_ReplicateLayout.replicate_layout 792:Net pairs for sheet ['Main_CKT', 'Shaper_PDU2'] :[('/Main_CKT/Shaper_PDU/V_SEC_IN', '/Main_CKT/Shaper_PDU2/V_SEC_IN'), ('/PM3p3V_RTN', '/V_TELEM_RTN'), ('unconnected-(U1-REMOTE-Pad6)', 'unconnected-(U3-REMOTE-Pad6)'), ('unconnected-(U1-TRIM-Pad4)', 'unconnected-(U3-TRIM-Pad4)'), ('Net-(C1-Pad1)', 'Net-(C68-Pad1)'), ('Net-(F1-Pad2)', 'Net-(F6-Pad2)'), ('Net-(U1--VIN)', 'Net-(U3--VIN)'), ('/P3p3V', '/V_TELEM'), ('Net-(U1-+VIN)', 'Net-(U3-+VIN)'), ('/Main_CKT/Shaper_PDU/V_SEC_RTN', '/Main_CKT/Shaper_PDU2/V_SEC_RTN')]
02-06 13:04:40 root 332:updating GUI message: 'Replicating zones'
02-06 13:04:40 com_github_MitjaNemec_ReplicateLayout.replicate_layout 1079:Replicating zones
02-06 13:04:40 root 337:updating GUI with: 0
02-06 13:04:40 com_github_MitjaNemec_ReplicateLayout.replicate_layout 1086:Replicating zones on sheet ['Main_CKT', 'Shaper_PDU1']
02-06 13:04:40 com_github_MitjaNemec_ReplicateLayout.replicate_layout 792:Net pairs for sheet ['Main_CKT', 'Shaper_PDU1'] :[('Net-(U1-+VIN)', 'Net-(U2-+VIN)'), ('unconnected-(U1-TRIM-Pad4)', 'unconnected-(U2-TRIM-Pad4)'), ('Net-(C1-Pad1)', 'Net-(C66-Pad1)'), ('/PM3p3V_RTN', '/M3p3V'), ('Net-(U1--VIN)', 'Net-(U2--VIN)'), ('/P3p3V', '/PM3p3V_RTN'), ('/Main_CKT/Shaper_PDU/V_SEC_IN', '/Main_CKT/Shaper_PDU1/V_SEC_IN'), ('Net-(F1-Pad2)', 'Net-(F5-Pad2)'), ('unconnected-(U1-REMOTE-Pad6)', 'unconnected-(U2-REMOTE-Pad6)'), ('/Main_CKT/Shaper_PDU/V_SEC_RTN', '/Main_CKT/Shaper_PDU1/V_SEC_RTN')]
02-06 13:04:40 com_github_MitjaNemec_ReplicateLayout.replicate_layout 1086:Replicating zones on sheet ['Main_CKT', 'Shaper_PDU2']
02-06 13:04:40 com_github_MitjaNemec_ReplicateLayout.replicate_layout 776:Significant difference between src net: ['', 'P3p3V'] and dst net: ['', 'V_TELEM'], with src_net_depth=2, dst_net_depth=2, src_fp_depth=2, dst_fp_depth=2, match level 0.58
02-06 13:04:40 com_github_MitjaNemec_ReplicateLayout.replicate_layout 776:Significant difference between src net: ['', 'PM3p3V_RTN'] and dst net: ['', 'V_TELEM_RTN'], with src_net_depth=2, dst_net_depth=2, src_fp_depth=2, dst_fp_depth=2, match level 0.74
02-06 13:04:40 com_github_MitjaNemec_ReplicateLayout.replicate_layout 776:Significant difference between src net: ['', 'P3p3V'] and dst net: ['', 'V_TELEM'], with src_net_depth=2, dst_net_depth=2, src_fp_depth=2, dst_fp_depth=2, match level 0.58
02-06 13:04:40 com_github_MitjaNemec_ReplicateLayout.replicate_layout 776:Significant difference between src net: ['', 'PM3p3V_RTN'] and dst net: ['', 'V_TELEM_RTN'], with src_net_depth=2, dst_net_depth=2, src_fp_depth=2, dst_fp_depth=2, match level 0.74
02-06 13:04:40 com_github_MitjaNemec_ReplicateLayout.replicate_layout 776:Significant difference between src net: ['', 'P3p3V'] and dst net: ['', 'V_TELEM'], with src_net_depth=2, dst_net_depth=2, src_fp_depth=2, dst_fp_depth=2, match level 0.58
02-06 13:04:40 com_github_MitjaNemec_ReplicateLayout.replicate_layout 776:Significant difference between src net: ['', 'PM3p3V_RTN'] and dst net: ['', 'V_TELEM_RTN'], with src_net_depth=2, dst_net_depth=2, src_fp_depth=2, dst_fp_depth=2, match level 0.74
02-06 13:04:40 com_github_MitjaNemec_ReplicateLayout.replicate_layout 776:Significant difference between src net: ['', 'P3p3V'] and dst net: ['', 'V_TELEM'], with src_net_depth=2, dst_net_depth=2, src_fp_depth=2, dst_fp_depth=2, match level 0.58
02-06 13:04:40 com_github_MitjaNemec_ReplicateLayout.replicate_layout 776:Significant difference between src net: ['', 'PM3p3V_RTN'] and dst net: ['', 'V_TELEM_RTN'], with src_net_depth=2, dst_net_depth=2, src_fp_depth=2, dst_fp_depth=2, match level 0.74
02-06 13:04:40 com_github_MitjaNemec_ReplicateLayout.replicate_layout 792:Net pairs for sheet ['Main_CKT', 'Shaper_PDU2'] :[('/Main_CKT/Shaper_PDU/V_SEC_IN', '/Main_CKT/Shaper_PDU2/V_SEC_IN'), ('/PM3p3V_RTN', '/V_TELEM_RTN'), ('unconnected-(U1-REMOTE-Pad6)', 'unconnected-(U3-REMOTE-Pad6)'), ('unconnected-(U1-TRIM-Pad4)', 'unconnected-(U3-TRIM-Pad4)'), ('Net-(C1-Pad1)', 'Net-(C68-Pad1)'), ('Net-(F1-Pad2)', 'Net-(F6-Pad2)'), ('Net-(U1--VIN)', 'Net-(U3--VIN)'), ('/P3p3V', '/V_TELEM'), ('Net-(U1-+VIN)', 'Net-(U3-+VIN)'), ('/Main_CKT/Shaper_PDU/V_SEC_RTN', '/Main_CKT/Shaper_PDU2/V_SEC_RTN')]
02-06 13:04:40 root 332:updating GUI message: 'Replicating text'
02-06 13:04:40 com_github_MitjaNemec_ReplicateLayout.replicate_layout 1168:Replicating text
02-06 13:04:40 com_github_MitjaNemec_ReplicateLayout.replicate_layout 1175:Replicating text on sheet ['Main_CKT', 'Shaper_PDU1']
02-06 13:04:40 com_github_MitjaNemec_ReplicateLayout.replicate_layout 1175:Replicating text on sheet ['Main_CKT', 'Shaper_PDU2']
02-06 13:04:40 root 332:updating GUI message: 'Replicating drawings'
02-06 13:04:40 com_github_MitjaNemec_ReplicateLayout.replicate_layout 1219:Replicating drawings
02-06 13:04:40 com_github_MitjaNemec_ReplicateLayout.replicate_layout 1225:Replicating drawings on sheet ['Main_CKT', 'Shaper_PDU1']
02-06 13:04:40 com_github_MitjaNemec_ReplicateLayout.replicate_layout 1225:Replicating drawings on sheet ['Main_CKT', 'Shaper_PDU2']
02-06 13:04:41 com_github_MitjaNemec_ReplicateLayout.action_replicate_layout 256:Replication complete
02-06 13:04:41 com_github_MitjaNemec_ReplicateLayout.action_replicate_layout 259:Letting the user know there are some issues with replicated design
02-06 13:04:41 com_github_MitjaNemec_ReplicateLayout.action_replicate_layout 263:Looks like the design has an exotic connectivity that the plugin might not handle properly
 Make sure that you check the connectivity around:
Footprint C23, pad 1
Footprint C23, pad 2
Footprint C24, pad 1
Footprint C24, pad 2
Footprint U3, pad 3
Footprint C22, pad 1
Footprint C22, pad 2
Footprint U3, pad 5

