02-03 16:39:35 com_github_MitjaNemec_ReplicateLayout.action_replicate_layout 392:Plugin executed on: 'win32'
02-03 16:39:35 com_github_MitjaNemec_ReplicateLayout.action_replicate_layout 393:Plugin executed with python version: '3.11.5 (main, Aug 14 2024, 05:26:19) [MSC v.1939 64 bit (AMD64)]'
02-03 16:39:35 com_github_MitjaNemec_ReplicateLayout.action_replicate_layout 394:KiCad build version: 8.0.6
02-03 16:39:35 com_github_MitjaNemec_ReplicateLayout.action_replicate_layout 395:Plugin version: 3.0.3
02-03 16:39:35 com_github_MitjaNemec_ReplicateLayout.action_replicate_layout 396:Frame repr: <wx._core.Frame object at 0x000001D2C9C37640>
02-03 16:39:35 com_github_MitjaNemec_ReplicateLayout.action_replicate_layout 420:Preparing replicator with U1 as a reference
02-03 16:39:35 com_github_MitjaNemec_ReplicateLayout.replicate_layout 117:getting a list of all footprints on board
02-03 16:39:35 com_github_MitjaNemec_ReplicateLayout.action_replicate_layout 468:source anchor footprint is 'U1'
Located on: ['Main_Converter']
With filenames: ['Main_Converter.kicad_sch']
With sheet_id:['Main_Converter']
02-03 16:39:35 com_github_MitjaNemec_ReplicateLayout.action_replicate_layout 475:Corresponding footprints are 
[('U2', ['Main_Converter1']), ('U1', ['Main_Converter'])]
02-03 16:39:35 com_github_MitjaNemec_ReplicateLayout.action_replicate_layout 487:Showing dialog
02-03 16:39:35 com_github_MitjaNemec_ReplicateLayout.replicate_layout 472:constructing a list of sheets suitable for replication on level:'Main_Converter', file:'Main_Converter.kicad_sch'
02-03 16:39:35 com_github_MitjaNemec_ReplicateLayout.replicate_layout 509:suitable sheets are:[['Main_Converter1']]
02-03 16:39:35 com_github_MitjaNemec_ReplicateLayout.replicate_layout 1507:Level selected: ['Main_Converter']
02-03 16:39:35 com_github_MitjaNemec_ReplicateLayout.replicate_layout 1331:Filtering list of tracks
02-03 16:39:35 com_github_MitjaNemec_ReplicateLayout.action_replicate_layout 493:Toolbar position: wx.Point(4446, 77)
02-03 16:39:35 com_github_MitjaNemec_ReplicateLayout.action_replicate_layout 498:Dialog position: wx.Point(4007, 77)
02-03 16:39:37 com_github_MitjaNemec_ReplicateLayout.replicate_layout 472:constructing a list of sheets suitable for replication on level:'Main_Converter', file:'Main_Converter.kicad_sch'
02-03 16:39:37 com_github_MitjaNemec_ReplicateLayout.replicate_layout 509:suitable sheets are:[['Main_Converter1']]
02-03 16:39:37 com_github_MitjaNemec_ReplicateLayout.action_replicate_layout 240:Replicating layout
02-03 16:39:37 com_github_MitjaNemec_ReplicateLayout.replicate_layout 288:Starting replication of sheets: [['Main_Converter1']]
on level: ['Main_Converter']
with tracks=True, zone=True, text=True, text=True, intersecting=False, remove=False, locked footprints=False, group_only=False
02-03 16:39:37 root 332:updating GUI message: 'Preparing for replication'
02-03 16:39:37 root 337:updating GUI with: 0
02-03 16:39:37 com_github_MitjaNemec_ReplicateLayout.replicate_layout 358:Getting the list of source footprints
02-03 16:39:37 com_github_MitjaNemec_ReplicateLayout.replicate_layout 368:Getting the list of all the remaining footprints
02-03 16:39:37 com_github_MitjaNemec_ReplicateLayout.replicate_layout 375:Getting source tracks
02-03 16:39:37 com_github_MitjaNemec_ReplicateLayout.replicate_layout 1331:Filtering list of tracks
02-03 16:39:37 com_github_MitjaNemec_ReplicateLayout.replicate_layout 379:Getting source zones
02-03 16:39:37 com_github_MitjaNemec_ReplicateLayout.replicate_layout 383:Getting source text items
02-03 16:39:37 com_github_MitjaNemec_ReplicateLayout.replicate_layout 387:Getting source drawing items
02-03 16:39:37 root 332:updating GUI message: 'Replicating footprints'
02-03 16:39:37 com_github_MitjaNemec_ReplicateLayout.replicate_layout 861:Replicating footprints
02-03 16:39:37 com_github_MitjaNemec_ReplicateLayout.replicate_layout 868:Replicating footprints on sheet ['Main_Converter1']
02-03 16:39:37 com_github_MitjaNemec_ReplicateLayout.replicate_layout 985:Src text UUid:fbb99de3-7621-44d9-aa68-4fe22c64cd06
02-03 16:39:37 com_github_MitjaNemec_ReplicateLayout.replicate_layout 986:Dst text UUid:76412e83-bbff-417d-b109-d575025fa06f
02-03 16:39:37 com_github_MitjaNemec_ReplicateLayout.replicate_layout 985:Src text UUid:30b68fb3-11ef-43d5-a151-a3ff3faea8e5
02-03 16:39:37 com_github_MitjaNemec_ReplicateLayout.replicate_layout 986:Dst text UUid:1a1482f6-9d50-4e72-bda3-221ebbd28e56
02-03 16:39:37 com_github_MitjaNemec_ReplicateLayout.replicate_layout 985:Src text UUid:0d83b5cb-96a9-4717-b54b-bf6ae47781fa
02-03 16:39:37 com_github_MitjaNemec_ReplicateLayout.replicate_layout 986:Dst text UUid:16b382fa-4043-46a5-81ad-a103741c90bd
02-03 16:39:37 com_github_MitjaNemec_ReplicateLayout.replicate_layout 985:Src text UUid:3849861d-aa47-4e1e-be27-0e843211da5e
02-03 16:39:37 com_github_MitjaNemec_ReplicateLayout.replicate_layout 986:Dst text UUid:cc63f8d0-0bff-407f-8cab-ca1229743ac5
02-03 16:39:37 com_github_MitjaNemec_ReplicateLayout.replicate_layout 985:Src text UUid:d33a9012-941b-4daf-91c5-008732aba9be
02-03 16:39:37 com_github_MitjaNemec_ReplicateLayout.replicate_layout 986:Dst text UUid:8992ee52-292e-492f-9231-2ad910edd7ca
02-03 16:39:37 com_github_MitjaNemec_ReplicateLayout.replicate_layout 985:Src text UUid:be4720fb-9438-4dbb-91ae-e35627d5ddf4
02-03 16:39:37 com_github_MitjaNemec_ReplicateLayout.replicate_layout 986:Dst text UUid:b3d9e1b7-43b1-45e4-9c00-5faf827e3a14
02-03 16:39:37 com_github_MitjaNemec_ReplicateLayout.replicate_layout 985:Src text UUid:82c9b65c-c2f9-4b82-9dd3-c62c3bfe58ae
02-03 16:39:37 com_github_MitjaNemec_ReplicateLayout.replicate_layout 986:Dst text UUid:f3bc70f5-7400-4e23-ad06-df98f7f6cbac
02-03 16:39:37 com_github_MitjaNemec_ReplicateLayout.replicate_layout 985:Src text UUid:b534f0be-fc48-417a-b964-8598494c78ed
02-03 16:39:37 com_github_MitjaNemec_ReplicateLayout.replicate_layout 986:Dst text UUid:b2f0d0d0-3907-4214-8021-0441cc59f265
02-03 16:39:37 com_github_MitjaNemec_ReplicateLayout.replicate_layout 985:Src text UUid:33a9cf3b-6ac7-442e-ba14-7a52173d064f
02-03 16:39:37 com_github_MitjaNemec_ReplicateLayout.replicate_layout 986:Dst text UUid:d8cc5fb7-aa23-4ec0-ae9d-dfb1326a9737
02-03 16:39:37 com_github_MitjaNemec_ReplicateLayout.replicate_layout 985:Src text UUid:33b8bb43-5d79-4cbc-a355-0e81e56c09b3
02-03 16:39:37 com_github_MitjaNemec_ReplicateLayout.replicate_layout 986:Dst text UUid:ccfc2c52-a71a-4e21-9365-059f2e188c9f
02-03 16:39:37 com_github_MitjaNemec_ReplicateLayout.replicate_layout 985:Src text UUid:9db18e72-5692-4e15-b851-d060a4689c3d
02-03 16:39:37 com_github_MitjaNemec_ReplicateLayout.replicate_layout 986:Dst text UUid:bbaf6bf9-7576-46c1-8028-72416330465c
02-03 16:39:37 com_github_MitjaNemec_ReplicateLayout.replicate_layout 985:Src text UUid:14c879c2-877d-43e5-a62f-ccb8c7c54747
02-03 16:39:37 com_github_MitjaNemec_ReplicateLayout.replicate_layout 986:Dst text UUid:246e60d2-63c1-41a6-b387-411308c158fa
02-03 16:39:37 com_github_MitjaNemec_ReplicateLayout.replicate_layout 985:Src text UUid:d2e02dc8-fd55-412e-b10f-42f98ca61fe6
02-03 16:39:37 com_github_MitjaNemec_ReplicateLayout.replicate_layout 986:Dst text UUid:e6a1e6e9-f471-4f2c-abf7-3992864679e6
02-03 16:39:37 com_github_MitjaNemec_ReplicateLayout.replicate_layout 985:Src text UUid:7909f5e3-6426-4de3-8cf9-89950a104ec4
02-03 16:39:37 com_github_MitjaNemec_ReplicateLayout.replicate_layout 986:Dst text UUid:9b3cb405-b418-4064-9847-812c84dbab9c
02-03 16:39:37 com_github_MitjaNemec_ReplicateLayout.replicate_layout 985:Src text UUid:8b8cccfa-e885-4fe2-b1af-9ef7af40e093
02-03 16:39:37 com_github_MitjaNemec_ReplicateLayout.replicate_layout 986:Dst text UUid:5df71d4a-d209-44e3-a2f4-249b01872b4a
02-03 16:39:37 com_github_MitjaNemec_ReplicateLayout.replicate_layout 985:Src text UUid:ff2dce0d-9282-4597-bee9-1b5443eac37e
02-03 16:39:37 com_github_MitjaNemec_ReplicateLayout.replicate_layout 986:Dst text UUid:45780da7-6f93-4b74-a02a-853942b48e3c
02-03 16:39:37 com_github_MitjaNemec_ReplicateLayout.replicate_layout 985:Src text UUid:dfe7e71c-c5ea-41e8-a4e5-684afed41416
02-03 16:39:37 com_github_MitjaNemec_ReplicateLayout.replicate_layout 986:Dst text UUid:705ee20d-d899-4fb9-86fe-89f124bdfdda
02-03 16:39:37 com_github_MitjaNemec_ReplicateLayout.replicate_layout 985:Src text UUid:6bd17fdf-5178-437d-b5fc-fadf7356192a
02-03 16:39:37 com_github_MitjaNemec_ReplicateLayout.replicate_layout 986:Dst text UUid:9593d2e6-b670-43f7-8254-c4922bc4ad81
02-03 16:39:37 com_github_MitjaNemec_ReplicateLayout.replicate_layout 985:Src text UUid:e8b5c6b8-26c7-47c4-b83b-aeea54e23c53
02-03 16:39:37 com_github_MitjaNemec_ReplicateLayout.replicate_layout 986:Dst text UUid:45966b43-0ebc-4570-9ee6-4c12202a2e1a
02-03 16:39:37 com_github_MitjaNemec_ReplicateLayout.replicate_layout 985:Src text UUid:352d6215-9577-450a-ad1a-dd90c3ce4510
02-03 16:39:37 com_github_MitjaNemec_ReplicateLayout.replicate_layout 986:Dst text UUid:b64b83bd-204e-482a-9f64-e576fb408b2f
02-03 16:39:37 com_github_MitjaNemec_ReplicateLayout.replicate_layout 985:Src text UUid:928f9928-8795-4873-bd91-6ba698cf3f0e
02-03 16:39:37 com_github_MitjaNemec_ReplicateLayout.replicate_layout 986:Dst text UUid:434ac961-4afb-4310-8784-45002d153e59
02-03 16:39:37 com_github_MitjaNemec_ReplicateLayout.replicate_layout 985:Src text UUid:992e43b2-0aff-4175-a7d5-d4967a566faa
02-03 16:39:37 com_github_MitjaNemec_ReplicateLayout.replicate_layout 986:Dst text UUid:25cf532d-fd58-4914-894f-0f02af922d3e
02-03 16:39:37 com_github_MitjaNemec_ReplicateLayout.replicate_layout 985:Src text UUid:4fc14c86-6107-4a8f-b46d-c2b738e08bfb
02-03 16:39:37 com_github_MitjaNemec_ReplicateLayout.replicate_layout 986:Dst text UUid:1268261a-3d8e-42e3-8c2f-8ae5ff0e6a42
02-03 16:39:37 com_github_MitjaNemec_ReplicateLayout.replicate_layout 985:Src text UUid:16f3bbcb-cee1-4843-a880-40ab55af7068
02-03 16:39:37 com_github_MitjaNemec_ReplicateLayout.replicate_layout 986:Dst text UUid:247659a6-4502-46fc-b6c2-4b9177918530
02-03 16:39:37 com_github_MitjaNemec_ReplicateLayout.replicate_layout 985:Src text UUid:34de3e15-1d52-4fb8-b2e0-6ce649f3c1b1
02-03 16:39:37 com_github_MitjaNemec_ReplicateLayout.replicate_layout 986:Dst text UUid:37a01654-96f5-47b9-9e86-27aba3f68bee
02-03 16:39:37 com_github_MitjaNemec_ReplicateLayout.replicate_layout 985:Src text UUid:79a0fe0f-2980-4950-9ac4-ae4d5f814bfa
02-03 16:39:37 com_github_MitjaNemec_ReplicateLayout.replicate_layout 986:Dst text UUid:ea941fab-59f9-4274-b43f-ca74604249a0
02-03 16:39:37 com_github_MitjaNemec_ReplicateLayout.replicate_layout 985:Src text UUid:3eaddd9e-fbe2-456c-b6a5-8693599ba0b0
02-03 16:39:37 com_github_MitjaNemec_ReplicateLayout.replicate_layout 986:Dst text UUid:ae5e4257-18de-4bd8-8d3c-9b01af45e586
02-03 16:39:37 com_github_MitjaNemec_ReplicateLayout.replicate_layout 985:Src text UUid:efacd882-ebdf-4c71-855d-8deba567be3a
02-03 16:39:37 com_github_MitjaNemec_ReplicateLayout.replicate_layout 986:Dst text UUid:ee0be2ce-7faa-4e52-b00e-ecbd96e4fc71
02-03 16:39:37 com_github_MitjaNemec_ReplicateLayout.replicate_layout 985:Src text UUid:4e0f2f70-5a78-4387-aa42-a9a150d40651
02-03 16:39:37 com_github_MitjaNemec_ReplicateLayout.replicate_layout 986:Dst text UUid:bcc73280-f79c-4443-8a48-17b613484046
02-03 16:39:37 com_github_MitjaNemec_ReplicateLayout.replicate_layout 985:Src text UUid:435aca5a-6194-4cfe-9401-ef9ed3e2dbd6
02-03 16:39:37 com_github_MitjaNemec_ReplicateLayout.replicate_layout 986:Dst text UUid:7bc3aef2-3af8-447a-b95b-64efcdc3d784
02-03 16:39:37 com_github_MitjaNemec_ReplicateLayout.replicate_layout 985:Src text UUid:d26ef117-ce41-4126-8479-052166cdb8c2
02-03 16:39:37 com_github_MitjaNemec_ReplicateLayout.replicate_layout 986:Dst text UUid:f641af22-b242-400e-9042-de5c2e2b0c58
02-03 16:39:37 com_github_MitjaNemec_ReplicateLayout.replicate_layout 985:Src text UUid:473cf7a4-7529-41a9-9ca9-683b554f5d73
02-03 16:39:37 com_github_MitjaNemec_ReplicateLayout.replicate_layout 986:Dst text UUid:98c62499-dcf9-4fd9-b879-4eaa4989926c
02-03 16:39:37 com_github_MitjaNemec_ReplicateLayout.replicate_layout 985:Src text UUid:f8f19996-2ef5-476c-a064-96841c12f1b6
02-03 16:39:37 com_github_MitjaNemec_ReplicateLayout.replicate_layout 986:Dst text UUid:da575c08-8e77-4045-8598-258a1f3e835f
02-03 16:39:37 com_github_MitjaNemec_ReplicateLayout.replicate_layout 985:Src text UUid:c00bbf6e-4e67-4815-8698-5b5d6714dd33
02-03 16:39:37 com_github_MitjaNemec_ReplicateLayout.replicate_layout 986:Dst text UUid:538b546c-bfaa-4abb-a9f2-56020e33375c
02-03 16:39:37 com_github_MitjaNemec_ReplicateLayout.replicate_layout 985:Src text UUid:c482902e-f6d6-4caa-84ab-d225d7d00e29
02-03 16:39:37 com_github_MitjaNemec_ReplicateLayout.replicate_layout 986:Dst text UUid:85636bb2-6507-4441-96b0-7e102e1d3309
02-03 16:39:37 com_github_MitjaNemec_ReplicateLayout.replicate_layout 985:Src text UUid:8260d5df-a53e-48f9-a3ab-b8495c389a74
02-03 16:39:37 com_github_MitjaNemec_ReplicateLayout.replicate_layout 986:Dst text UUid:e3b9c78b-4e0d-44f9-9cdb-5dbf12179deb
02-03 16:39:37 com_github_MitjaNemec_ReplicateLayout.replicate_layout 985:Src text UUid:54a58ba0-2076-4255-87b5-daabf70f0f8c
02-03 16:39:37 com_github_MitjaNemec_ReplicateLayout.replicate_layout 986:Dst text UUid:eeec86a6-580e-4354-bec3-550b5bb0aa76
02-03 16:39:37 com_github_MitjaNemec_ReplicateLayout.replicate_layout 985:Src text UUid:39ce66ba-d801-4990-9912-cbed4393a276
02-03 16:39:37 com_github_MitjaNemec_ReplicateLayout.replicate_layout 986:Dst text UUid:6d4b59bb-59a6-4461-815e-9d92fb17f3c5
02-03 16:39:37 com_github_MitjaNemec_ReplicateLayout.replicate_layout 985:Src text UUid:8aaf3a0c-61d2-4374-a8ba-aeed10f8d983
02-03 16:39:37 com_github_MitjaNemec_ReplicateLayout.replicate_layout 986:Dst text UUid:6f246445-c557-4900-92bd-34f7ef2f89bf
02-03 16:39:37 com_github_MitjaNemec_ReplicateLayout.replicate_layout 985:Src text UUid:5a96baea-c2ac-4653-ab48-aaf58d4b351f
02-03 16:39:37 com_github_MitjaNemec_ReplicateLayout.replicate_layout 986:Dst text UUid:eebc2a8a-303c-4d20-b6b6-795e6bba902b
02-03 16:39:37 com_github_MitjaNemec_ReplicateLayout.replicate_layout 985:Src text UUid:cb171394-fc36-4056-8e6c-1bbc94f82263
02-03 16:39:37 com_github_MitjaNemec_ReplicateLayout.replicate_layout 986:Dst text UUid:d6f94195-2682-44f0-9678-c4653fce2a24
02-03 16:39:37 com_github_MitjaNemec_ReplicateLayout.replicate_layout 985:Src text UUid:a9a64256-591e-432a-971b-bee76466c7e8
02-03 16:39:37 com_github_MitjaNemec_ReplicateLayout.replicate_layout 986:Dst text UUid:2abab176-2806-471d-903f-9e3979851c11
02-03 16:39:37 com_github_MitjaNemec_ReplicateLayout.replicate_layout 985:Src text UUid:91f94edf-2860-4b6c-9497-3fc9bfb960a7
02-03 16:39:37 com_github_MitjaNemec_ReplicateLayout.replicate_layout 986:Dst text UUid:5b798b5e-5a2b-414f-9077-70581ab718ed
02-03 16:39:37 com_github_MitjaNemec_ReplicateLayout.replicate_layout 985:Src text UUid:2184cd86-b1d3-4985-b588-c37a97e1a005
02-03 16:39:37 com_github_MitjaNemec_ReplicateLayout.replicate_layout 986:Dst text UUid:03421722-ea96-442d-ba91-ba12f224da4e
02-03 16:39:37 com_github_MitjaNemec_ReplicateLayout.replicate_layout 985:Src text UUid:28b2556f-5f79-435d-867e-0990e5c4b8e5
02-03 16:39:37 com_github_MitjaNemec_ReplicateLayout.replicate_layout 986:Dst text UUid:9d98054d-b066-44c2-b1c4-38830f046162
02-03 16:39:37 com_github_MitjaNemec_ReplicateLayout.replicate_layout 985:Src text UUid:6760e213-f71c-4692-9924-b5f2980a7755
02-03 16:39:37 com_github_MitjaNemec_ReplicateLayout.replicate_layout 986:Dst text UUid:4be2f0f0-7f2d-4033-81b3-704345310e73
02-03 16:39:37 com_github_MitjaNemec_ReplicateLayout.replicate_layout 985:Src text UUid:fe56cd7c-9e05-4aec-8e09-013920814ad2
02-03 16:39:37 com_github_MitjaNemec_ReplicateLayout.replicate_layout 986:Dst text UUid:9a8a7035-b712-4e13-8515-437e1fd0a408
02-03 16:39:37 com_github_MitjaNemec_ReplicateLayout.replicate_layout 985:Src text UUid:8f26d421-0ade-472a-b1b0-a2becca473d8
02-03 16:39:37 com_github_MitjaNemec_ReplicateLayout.replicate_layout 986:Dst text UUid:e32ef94c-607e-4213-97d1-737bf2f4eaaf
02-03 16:39:37 com_github_MitjaNemec_ReplicateLayout.replicate_layout 985:Src text UUid:2eefd5a6-513a-4f56-a3a1-4a582ada32f5
02-03 16:39:37 com_github_MitjaNemec_ReplicateLayout.replicate_layout 986:Dst text UUid:4b4d6479-baa3-4020-a93b-711ef0afa6dc
02-03 16:39:37 com_github_MitjaNemec_ReplicateLayout.replicate_layout 985:Src text UUid:c7a4a9a9-9cf5-4ee2-b263-da895330c09f
02-03 16:39:37 com_github_MitjaNemec_ReplicateLayout.replicate_layout 986:Dst text UUid:37eae606-31d3-4b46-8453-f647efb2b57d
02-03 16:39:37 com_github_MitjaNemec_ReplicateLayout.replicate_layout 985:Src text UUid:0cd42538-14f1-487a-9b97-57f8b62024d8
02-03 16:39:37 com_github_MitjaNemec_ReplicateLayout.replicate_layout 986:Dst text UUid:1acb1de3-bf9b-4a04-978d-b18f4ed1a912
02-03 16:39:37 com_github_MitjaNemec_ReplicateLayout.replicate_layout 985:Src text UUid:5be51a67-b6a3-4492-9696-ebcba320253f
02-03 16:39:37 com_github_MitjaNemec_ReplicateLayout.replicate_layout 986:Dst text UUid:9ab21561-3f91-4b76-9623-327beb764008
02-03 16:39:37 com_github_MitjaNemec_ReplicateLayout.replicate_layout 985:Src text UUid:729bbd2f-014a-4256-a571-6ebadd7a4c37
02-03 16:39:37 com_github_MitjaNemec_ReplicateLayout.replicate_layout 986:Dst text UUid:7a60fb08-88f8-45e9-9827-be3c7dbdc235
02-03 16:39:37 root 332:updating GUI message: 'Replicating tracks'
02-03 16:39:37 root 337:updating GUI with: 0
02-03 16:39:37 com_github_MitjaNemec_ReplicateLayout.replicate_layout 1009:Replicating tracks
02-03 16:39:37 com_github_MitjaNemec_ReplicateLayout.replicate_layout 1015:Replicating tracks on sheet ['Main_Converter1']
02-03 16:39:37 com_github_MitjaNemec_ReplicateLayout.replicate_layout 776:Significant difference between src net: ['', 'P5_OUT'] and dst net: ['', 'PM_5V_RTN'], with src_net_depth=2, dst_net_depth=2, src_fp_depth=1, dst_fp_depth=1, match level 0.77
02-03 16:39:37 com_github_MitjaNemec_ReplicateLayout.replicate_layout 776:Significant difference between src net: ['', 'PM_5V_RTN'] and dst net: ['', 'M5_OUT'], with src_net_depth=2, dst_net_depth=2, src_fp_depth=1, dst_fp_depth=1, match level 0.70
02-03 16:39:37 com_github_MitjaNemec_ReplicateLayout.replicate_layout 776:Significant difference between src net: ['', 'P5_OUT'] and dst net: ['', 'PM_5V_RTN'], with src_net_depth=2, dst_net_depth=2, src_fp_depth=1, dst_fp_depth=1, match level 0.77
02-03 16:39:37 com_github_MitjaNemec_ReplicateLayout.replicate_layout 776:Significant difference between src net: ['', 'PM_5V_RTN'] and dst net: ['', 'M5_OUT'], with src_net_depth=2, dst_net_depth=2, src_fp_depth=1, dst_fp_depth=1, match level 0.70
02-03 16:39:37 com_github_MitjaNemec_ReplicateLayout.replicate_layout 776:Significant difference between src net: ['', 'P5_OUT'] and dst net: ['', 'PM_5V_RTN'], with src_net_depth=2, dst_net_depth=2, src_fp_depth=1, dst_fp_depth=1, match level 0.77
02-03 16:39:37 com_github_MitjaNemec_ReplicateLayout.replicate_layout 776:Significant difference between src net: ['', 'PM_5V_RTN'] and dst net: ['', 'M5_OUT'], with src_net_depth=2, dst_net_depth=2, src_fp_depth=1, dst_fp_depth=1, match level 0.70
02-03 16:39:37 com_github_MitjaNemec_ReplicateLayout.replicate_layout 776:Significant difference between src net: ['', 'P5_OUT'] and dst net: ['', 'PM_5V_RTN'], with src_net_depth=2, dst_net_depth=2, src_fp_depth=1, dst_fp_depth=1, match level 0.77
02-03 16:39:37 com_github_MitjaNemec_ReplicateLayout.replicate_layout 776:Significant difference between src net: ['', 'PM_5V_RTN'] and dst net: ['', 'M5_OUT'], with src_net_depth=2, dst_net_depth=2, src_fp_depth=1, dst_fp_depth=1, match level 0.70
02-03 16:39:37 com_github_MitjaNemec_ReplicateLayout.replicate_layout 776:Significant difference between src net: ['', 'P5_OUT'] and dst net: ['', 'PM_5V_RTN'], with src_net_depth=2, dst_net_depth=2, src_fp_depth=1, dst_fp_depth=1, match level 0.77
02-03 16:39:37 com_github_MitjaNemec_ReplicateLayout.replicate_layout 776:Significant difference between src net: ['', 'PM_5V_RTN'] and dst net: ['', 'M5_OUT'], with src_net_depth=2, dst_net_depth=2, src_fp_depth=1, dst_fp_depth=1, match level 0.70
02-03 16:39:37 com_github_MitjaNemec_ReplicateLayout.replicate_layout 776:Significant difference between src net: ['', 'P5_OUT'] and dst net: ['', 'PM_5V_RTN'], with src_net_depth=2, dst_net_depth=2, src_fp_depth=1, dst_fp_depth=1, match level 0.77
02-03 16:39:37 com_github_MitjaNemec_ReplicateLayout.replicate_layout 776:Significant difference between src net: ['', 'PM_5V_RTN'] and dst net: ['', 'M5_OUT'], with src_net_depth=2, dst_net_depth=2, src_fp_depth=1, dst_fp_depth=1, match level 0.70
02-03 16:39:37 com_github_MitjaNemec_ReplicateLayout.replicate_layout 776:Significant difference between src net: ['', 'P5_OUT'] and dst net: ['', 'PM_5V_RTN'], with src_net_depth=2, dst_net_depth=2, src_fp_depth=1, dst_fp_depth=1, match level 0.77
02-03 16:39:37 com_github_MitjaNemec_ReplicateLayout.replicate_layout 776:Significant difference between src net: ['', 'PM_5V_RTN'] and dst net: ['', 'M5_OUT'], with src_net_depth=2, dst_net_depth=2, src_fp_depth=1, dst_fp_depth=1, match level 0.70
02-03 16:39:37 com_github_MitjaNemec_ReplicateLayout.replicate_layout 776:Significant difference between src net: ['', 'PM_5V_RTN'] and dst net: ['', 'M5_OUT'], with src_net_depth=2, dst_net_depth=2, src_fp_depth=1, dst_fp_depth=1, match level 0.70
02-03 16:39:37 com_github_MitjaNemec_ReplicateLayout.replicate_layout 792:Net pairs for sheet ['Main_Converter1'] :[('GNDPWR', 'GNDPWR'), ('/P5_OUT', '/PM_5V_RTN'), ('/Main_Converter/trim', '/Main_Converter1/trim'), ('/PM_5V_RTN', '/M5_OUT'), ('/V_SEC_RTN', '/V_SEC_RTN'), ('Net-(F1-Pad2)', 'Net-(F2-Pad2)'), ('Net-(C1-Pad1)', 'Net-(C11-Pad1)'), ('/Main_Converter/V_RTN', '/Main_Converter1/V_RTN'), ('/Main_Converter/V_POS', '/Main_Converter1/V_POS'), ('unconnected-(U1-REMOTE-Pad6)', 'unconnected-(U2-REMOTE-Pad6)'), ('/V_SEC_IN', '/V_SEC_IN')]
02-03 16:39:37 root 332:updating GUI message: 'Replicating zones'
02-03 16:39:37 com_github_MitjaNemec_ReplicateLayout.replicate_layout 1079:Replicating zones
02-03 16:39:37 com_github_MitjaNemec_ReplicateLayout.replicate_layout 1086:Replicating zones on sheet ['Main_Converter1']
02-03 16:39:37 com_github_MitjaNemec_ReplicateLayout.replicate_layout 776:Significant difference between src net: ['', 'P5_OUT'] and dst net: ['', 'PM_5V_RTN'], with src_net_depth=2, dst_net_depth=2, src_fp_depth=1, dst_fp_depth=1, match level 0.77
02-03 16:39:37 com_github_MitjaNemec_ReplicateLayout.replicate_layout 776:Significant difference between src net: ['', 'PM_5V_RTN'] and dst net: ['', 'M5_OUT'], with src_net_depth=2, dst_net_depth=2, src_fp_depth=1, dst_fp_depth=1, match level 0.70
02-03 16:39:37 com_github_MitjaNemec_ReplicateLayout.replicate_layout 776:Significant difference between src net: ['', 'P5_OUT'] and dst net: ['', 'PM_5V_RTN'], with src_net_depth=2, dst_net_depth=2, src_fp_depth=1, dst_fp_depth=1, match level 0.77
02-03 16:39:37 com_github_MitjaNemec_ReplicateLayout.replicate_layout 776:Significant difference between src net: ['', 'PM_5V_RTN'] and dst net: ['', 'M5_OUT'], with src_net_depth=2, dst_net_depth=2, src_fp_depth=1, dst_fp_depth=1, match level 0.70
02-03 16:39:37 com_github_MitjaNemec_ReplicateLayout.replicate_layout 776:Significant difference between src net: ['', 'P5_OUT'] and dst net: ['', 'PM_5V_RTN'], with src_net_depth=2, dst_net_depth=2, src_fp_depth=1, dst_fp_depth=1, match level 0.77
02-03 16:39:37 com_github_MitjaNemec_ReplicateLayout.replicate_layout 776:Significant difference between src net: ['', 'PM_5V_RTN'] and dst net: ['', 'M5_OUT'], with src_net_depth=2, dst_net_depth=2, src_fp_depth=1, dst_fp_depth=1, match level 0.70
02-03 16:39:37 com_github_MitjaNemec_ReplicateLayout.replicate_layout 776:Significant difference between src net: ['', 'P5_OUT'] and dst net: ['', 'PM_5V_RTN'], with src_net_depth=2, dst_net_depth=2, src_fp_depth=1, dst_fp_depth=1, match level 0.77
02-03 16:39:37 com_github_MitjaNemec_ReplicateLayout.replicate_layout 776:Significant difference between src net: ['', 'PM_5V_RTN'] and dst net: ['', 'M5_OUT'], with src_net_depth=2, dst_net_depth=2, src_fp_depth=1, dst_fp_depth=1, match level 0.70
02-03 16:39:37 com_github_MitjaNemec_ReplicateLayout.replicate_layout 776:Significant difference between src net: ['', 'P5_OUT'] and dst net: ['', 'PM_5V_RTN'], with src_net_depth=2, dst_net_depth=2, src_fp_depth=1, dst_fp_depth=1, match level 0.77
02-03 16:39:37 com_github_MitjaNemec_ReplicateLayout.replicate_layout 776:Significant difference between src net: ['', 'PM_5V_RTN'] and dst net: ['', 'M5_OUT'], with src_net_depth=2, dst_net_depth=2, src_fp_depth=1, dst_fp_depth=1, match level 0.70
02-03 16:39:37 com_github_MitjaNemec_ReplicateLayout.replicate_layout 776:Significant difference between src net: ['', 'P5_OUT'] and dst net: ['', 'PM_5V_RTN'], with src_net_depth=2, dst_net_depth=2, src_fp_depth=1, dst_fp_depth=1, match level 0.77
02-03 16:39:37 com_github_MitjaNemec_ReplicateLayout.replicate_layout 776:Significant difference between src net: ['', 'PM_5V_RTN'] and dst net: ['', 'M5_OUT'], with src_net_depth=2, dst_net_depth=2, src_fp_depth=1, dst_fp_depth=1, match level 0.70
02-03 16:39:37 com_github_MitjaNemec_ReplicateLayout.replicate_layout 776:Significant difference between src net: ['', 'P5_OUT'] and dst net: ['', 'PM_5V_RTN'], with src_net_depth=2, dst_net_depth=2, src_fp_depth=1, dst_fp_depth=1, match level 0.77
02-03 16:39:37 com_github_MitjaNemec_ReplicateLayout.replicate_layout 776:Significant difference between src net: ['', 'PM_5V_RTN'] and dst net: ['', 'M5_OUT'], with src_net_depth=2, dst_net_depth=2, src_fp_depth=1, dst_fp_depth=1, match level 0.70
02-03 16:39:37 com_github_MitjaNemec_ReplicateLayout.replicate_layout 776:Significant difference between src net: ['', 'PM_5V_RTN'] and dst net: ['', 'M5_OUT'], with src_net_depth=2, dst_net_depth=2, src_fp_depth=1, dst_fp_depth=1, match level 0.70
02-03 16:39:37 com_github_MitjaNemec_ReplicateLayout.replicate_layout 792:Net pairs for sheet ['Main_Converter1'] :[('GNDPWR', 'GNDPWR'), ('/P5_OUT', '/PM_5V_RTN'), ('/Main_Converter/trim', '/Main_Converter1/trim'), ('/PM_5V_RTN', '/M5_OUT'), ('/V_SEC_RTN', '/V_SEC_RTN'), ('Net-(F1-Pad2)', 'Net-(F2-Pad2)'), ('Net-(C1-Pad1)', 'Net-(C11-Pad1)'), ('/Main_Converter/V_RTN', '/Main_Converter1/V_RTN'), ('/Main_Converter/V_POS', '/Main_Converter1/V_POS'), ('unconnected-(U1-REMOTE-Pad6)', 'unconnected-(U2-REMOTE-Pad6)'), ('/V_SEC_IN', '/V_SEC_IN')]
02-03 16:39:37 root 332:updating GUI message: 'Replicating text'
02-03 16:39:37 com_github_MitjaNemec_ReplicateLayout.replicate_layout 1168:Replicating text
02-03 16:39:37 com_github_MitjaNemec_ReplicateLayout.replicate_layout 1175:Replicating text on sheet ['Main_Converter1']
02-03 16:39:37 root 332:updating GUI message: 'Replicating drawings'
02-03 16:39:37 com_github_MitjaNemec_ReplicateLayout.replicate_layout 1219:Replicating drawings
02-03 16:39:37 com_github_MitjaNemec_ReplicateLayout.replicate_layout 1225:Replicating drawings on sheet ['Main_Converter1']
02-03 16:39:37 com_github_MitjaNemec_ReplicateLayout.action_replicate_layout 256:Replication complete
02-03 16:39:37 com_github_MitjaNemec_ReplicateLayout.action_replicate_layout 259:Letting the user know there are some issues with replicated design
02-03 16:39:37 com_github_MitjaNemec_ReplicateLayout.action_replicate_layout 263:Looks like the design has an exotic connectivity that the plugin might not handle properly
 Make sure that you check the connectivity around:
Footprint R8, pad 2
Footprint C19, pad 1
Footprint U2, pad 5
Footprint U2, pad 3
Footprint C18, pad 1
Footprint C19, pad 2
Footprint C16, pad 1
Footprint R7, pad 2
Footprint C17, pad 1
Footprint C18, pad 2
Footprint C20, pad 1
Footprint R8, pad 1
Footprint R6, pad 2
Footprint C17, pad 2
Footprint C20, pad 2

