01-31 12:40:04 com_github_MitjaNemec_ReplicateLayout.action_replicate_layout 392:Plugin executed on: 'win32'
01-31 12:40:04 com_github_MitjaNemec_ReplicateLayout.action_replicate_layout 393:Plugin executed with python version: '3.11.5 (main, Aug 14 2024, 05:26:19) [MSC v.1939 64 bit (AMD64)]'
01-31 12:40:04 com_github_MitjaNemec_ReplicateLayout.action_replicate_layout 394:KiCad build version: 8.0.6
01-31 12:40:04 com_github_MitjaNemec_ReplicateLayout.action_replicate_layout 395:Plugin version: 3.0.3
01-31 12:40:04 com_github_MitjaNemec_ReplicateLayout.action_replicate_layout 396:Frame repr: <wx._core.Frame object at 0x0000021B871F8E50>
01-31 12:40:04 com_github_MitjaNemec_ReplicateLayout.action_replicate_layout 420:Preparing replicator with U1 as a reference
01-31 12:40:04 com_github_MitjaNemec_ReplicateLayout.replicate_layout 117:getting a list of all footprints on board
01-31 12:40:04 com_github_MitjaNemec_ReplicateLayout.action_replicate_layout 468:source anchor footprint is 'U1'
Located on: ['Main_Converter1']
With filenames: ['Main_Converter.kicad_sch']
With sheet_id:['Main_Converter1']
01-31 12:40:04 com_github_MitjaNemec_ReplicateLayout.action_replicate_layout 475:Corresponding footprints are 
[('U4', ['Main_Converter']), ('U13', ['Main_Converter3']), ('U12', ['Main_Converter2']), ('U1', ['Main_Converter1'])]
01-31 12:40:04 com_github_MitjaNemec_ReplicateLayout.action_replicate_layout 487:Showing dialog
01-31 12:40:04 com_github_MitjaNemec_ReplicateLayout.replicate_layout 472:constructing a list of sheets suitable for replication on level:'Main_Converter1', file:'Main_Converter.kicad_sch'
01-31 12:40:04 com_github_MitjaNemec_ReplicateLayout.replicate_layout 509:suitable sheets are:[['Main_Converter'], ['Main_Converter2'], ['Main_Converter3']]
01-31 12:40:04 com_github_MitjaNemec_ReplicateLayout.replicate_layout 1507:Level selected: ['Main_Converter1']
01-31 12:40:04 com_github_MitjaNemec_ReplicateLayout.replicate_layout 1331:Filtering list of tracks
01-31 12:40:04 com_github_MitjaNemec_ReplicateLayout.action_replicate_layout 493:Toolbar position: wx.Point(4446, 77)
01-31 12:40:04 com_github_MitjaNemec_ReplicateLayout.action_replicate_layout 498:Dialog position: wx.Point(4007, 77)
01-31 12:40:06 com_github_MitjaNemec_ReplicateLayout.replicate_layout 472:constructing a list of sheets suitable for replication on level:'Main_Converter1', file:'Main_Converter.kicad_sch'
01-31 12:40:06 com_github_MitjaNemec_ReplicateLayout.replicate_layout 509:suitable sheets are:[['Main_Converter'], ['Main_Converter2'], ['Main_Converter3']]
01-31 12:40:06 com_github_MitjaNemec_ReplicateLayout.action_replicate_layout 240:Replicating layout
01-31 12:40:06 com_github_MitjaNemec_ReplicateLayout.replicate_layout 288:Starting replication of sheets: [['Main_Converter'], ['Main_Converter2'], ['Main_Converter3']]
on level: ['Main_Converter1']
with tracks=True, zone=True, text=True, text=True, intersecting=False, remove=False, locked footprints=False, group_only=False
01-31 12:40:06 root 332:updating GUI message: 'Preparing for replication'
01-31 12:40:06 root 337:updating GUI with: 0
01-31 12:40:06 com_github_MitjaNemec_ReplicateLayout.replicate_layout 358:Getting the list of source footprints
01-31 12:40:06 com_github_MitjaNemec_ReplicateLayout.replicate_layout 368:Getting the list of all the remaining footprints
01-31 12:40:06 com_github_MitjaNemec_ReplicateLayout.replicate_layout 375:Getting source tracks
01-31 12:40:06 com_github_MitjaNemec_ReplicateLayout.replicate_layout 1331:Filtering list of tracks
01-31 12:40:06 com_github_MitjaNemec_ReplicateLayout.replicate_layout 379:Getting source zones
01-31 12:40:06 com_github_MitjaNemec_ReplicateLayout.replicate_layout 383:Getting source text items
01-31 12:40:06 com_github_MitjaNemec_ReplicateLayout.replicate_layout 387:Getting source drawing items
01-31 12:40:06 root 332:updating GUI message: 'Replicating footprints'
01-31 12:40:06 com_github_MitjaNemec_ReplicateLayout.replicate_layout 861:Replicating footprints
01-31 12:40:06 com_github_MitjaNemec_ReplicateLayout.replicate_layout 868:Replicating footprints on sheet ['Main_Converter']
01-31 12:40:06 com_github_MitjaNemec_ReplicateLayout.replicate_layout 985:Src text UUid:2dbdcb3c-29c7-48e7-8d70-0c423d2168a9
01-31 12:40:06 com_github_MitjaNemec_ReplicateLayout.replicate_layout 986:Dst text UUid:6fe74d75-e553-437f-b5ee-df6790fe24b7
01-31 12:40:06 com_github_MitjaNemec_ReplicateLayout.replicate_layout 985:Src text UUid:d1162601-3013-4cef-93c4-d3e21722924f
01-31 12:40:06 com_github_MitjaNemec_ReplicateLayout.replicate_layout 986:Dst text UUid:7007a4f4-40b6-4c77-8659-826cd13e64a0
01-31 12:40:06 com_github_MitjaNemec_ReplicateLayout.replicate_layout 985:Src text UUid:6708656b-3738-4d53-88fd-7df6b980bb60
01-31 12:40:06 com_github_MitjaNemec_ReplicateLayout.replicate_layout 986:Dst text UUid:a3323df3-55cb-45de-8f2a-77ef36506146
01-31 12:40:06 com_github_MitjaNemec_ReplicateLayout.replicate_layout 985:Src text UUid:1a83bd49-d2a6-4903-97b5-eb4b0a7ead51
01-31 12:40:06 com_github_MitjaNemec_ReplicateLayout.replicate_layout 986:Dst text UUid:247b37eb-4041-456d-8497-eadee02e8da6
01-31 12:40:06 com_github_MitjaNemec_ReplicateLayout.replicate_layout 985:Src text UUid:f5b27207-7b42-4de1-9204-79ae887a3403
01-31 12:40:06 com_github_MitjaNemec_ReplicateLayout.replicate_layout 986:Dst text UUid:b2215a38-03fe-4252-99fc-060f1ba1443f
01-31 12:40:06 com_github_MitjaNemec_ReplicateLayout.replicate_layout 985:Src text UUid:04633b09-ac02-4494-bc72-95b7a0f047fd
01-31 12:40:06 com_github_MitjaNemec_ReplicateLayout.replicate_layout 986:Dst text UUid:6d8a73e8-4a32-43d6-8a84-ef34bde7b44c
01-31 12:40:06 com_github_MitjaNemec_ReplicateLayout.replicate_layout 985:Src text UUid:3aff0503-ef21-4830-a68d-1c21fa07742d
01-31 12:40:06 com_github_MitjaNemec_ReplicateLayout.replicate_layout 986:Dst text UUid:f953c413-418d-4f68-821f-cc3cd1961a54
01-31 12:40:06 com_github_MitjaNemec_ReplicateLayout.replicate_layout 985:Src text UUid:2a0b9988-fbae-4e19-a575-9a9b080998f2
01-31 12:40:06 com_github_MitjaNemec_ReplicateLayout.replicate_layout 986:Dst text UUid:76f3b57d-951f-4ed0-9615-e3bbc3b9a7d9
01-31 12:40:06 com_github_MitjaNemec_ReplicateLayout.replicate_layout 985:Src text UUid:aa1f6d6e-c250-494d-9c9b-64ae1b523ad8
01-31 12:40:06 com_github_MitjaNemec_ReplicateLayout.replicate_layout 986:Dst text UUid:38668ca1-e567-46e9-bb47-39a6dcff5596
01-31 12:40:06 com_github_MitjaNemec_ReplicateLayout.replicate_layout 985:Src text UUid:2c991287-11a9-4d60-ba41-13c9053b5f18
01-31 12:40:06 com_github_MitjaNemec_ReplicateLayout.replicate_layout 986:Dst text UUid:8d34585e-3b80-4ff7-8689-73379709f98c
01-31 12:40:06 com_github_MitjaNemec_ReplicateLayout.replicate_layout 985:Src text UUid:6bb3b6e6-01d0-401e-801e-dec2c41064af
01-31 12:40:06 com_github_MitjaNemec_ReplicateLayout.replicate_layout 986:Dst text UUid:c1856502-319e-4b8e-a9db-6d496055f4a2
01-31 12:40:06 com_github_MitjaNemec_ReplicateLayout.replicate_layout 985:Src text UUid:5ffdd7a2-b7d3-4800-8fd9-4f0304442a4b
01-31 12:40:06 com_github_MitjaNemec_ReplicateLayout.replicate_layout 986:Dst text UUid:39b4661c-14bd-4b49-89be-41edecee116f
01-31 12:40:06 com_github_MitjaNemec_ReplicateLayout.replicate_layout 985:Src text UUid:09ae19fb-f6cd-4068-9878-7c2d960740d3
01-31 12:40:06 com_github_MitjaNemec_ReplicateLayout.replicate_layout 986:Dst text UUid:9b31c5c6-c3bd-4b15-bad2-4cf3e194382d
01-31 12:40:06 com_github_MitjaNemec_ReplicateLayout.replicate_layout 985:Src text UUid:7a82181c-ea86-40f7-b78b-2d038ed10ea2
01-31 12:40:06 com_github_MitjaNemec_ReplicateLayout.replicate_layout 986:Dst text UUid:94a2182c-6263-4a88-9196-8436fbcafcce
01-31 12:40:06 com_github_MitjaNemec_ReplicateLayout.replicate_layout 985:Src text UUid:21997c1b-c2a8-4174-8a50-656d0b0bfdb8
01-31 12:40:06 com_github_MitjaNemec_ReplicateLayout.replicate_layout 986:Dst text UUid:7425c898-3562-4e69-8a62-4c27c3d6fdcf
01-31 12:40:06 com_github_MitjaNemec_ReplicateLayout.replicate_layout 985:Src text UUid:97123e72-dbbc-4bd2-bbbd-248d8a4e3a43
01-31 12:40:06 com_github_MitjaNemec_ReplicateLayout.replicate_layout 986:Dst text UUid:4560306c-3742-4066-a2f9-b0355b8b3347
01-31 12:40:06 com_github_MitjaNemec_ReplicateLayout.replicate_layout 985:Src text UUid:206800e2-aefc-4705-96e3-2fdf0cb968cd
01-31 12:40:06 com_github_MitjaNemec_ReplicateLayout.replicate_layout 986:Dst text UUid:33e22a93-7ef4-474d-9da1-c04d1b45164d
01-31 12:40:06 com_github_MitjaNemec_ReplicateLayout.replicate_layout 985:Src text UUid:6285ff43-e232-48d1-baf3-d1a1a0b03cf4
01-31 12:40:06 com_github_MitjaNemec_ReplicateLayout.replicate_layout 986:Dst text UUid:6d2e0ddb-861b-427a-86d2-50fb84c935d9
01-31 12:40:06 com_github_MitjaNemec_ReplicateLayout.replicate_layout 985:Src text UUid:8d35d45c-e3a7-41b6-80b5-02da279b4f34
01-31 12:40:06 com_github_MitjaNemec_ReplicateLayout.replicate_layout 986:Dst text UUid:3767a098-2606-482a-8bd9-0baa8cf7d45b
01-31 12:40:06 com_github_MitjaNemec_ReplicateLayout.replicate_layout 985:Src text UUid:8604b7c1-3e7f-4b16-9107-2f029c493747
01-31 12:40:06 com_github_MitjaNemec_ReplicateLayout.replicate_layout 986:Dst text UUid:d401dfc8-ad15-4d7b-a62c-e48bd25dd5d8
01-31 12:40:06 com_github_MitjaNemec_ReplicateLayout.replicate_layout 985:Src text UUid:31421a14-b4cc-4ae9-ba83-8a9f1cd41510
01-31 12:40:06 com_github_MitjaNemec_ReplicateLayout.replicate_layout 986:Dst text UUid:5f161fbf-564d-4925-ba2d-f385c648030b
01-31 12:40:06 com_github_MitjaNemec_ReplicateLayout.replicate_layout 985:Src text UUid:c949b986-9947-433b-9c57-a7bb0bb132a9
01-31 12:40:06 com_github_MitjaNemec_ReplicateLayout.replicate_layout 986:Dst text UUid:c9b6a038-0cf6-47cd-83d9-813af62826f5
01-31 12:40:06 com_github_MitjaNemec_ReplicateLayout.replicate_layout 985:Src text UUid:d7f3ef78-3eae-4d18-9818-87d8f7c2226b
01-31 12:40:06 com_github_MitjaNemec_ReplicateLayout.replicate_layout 986:Dst text UUid:331e7811-6678-4ee3-8640-18a4170c096b
01-31 12:40:06 com_github_MitjaNemec_ReplicateLayout.replicate_layout 985:Src text UUid:a3857038-60ca-4bc7-abe9-f49f30cf94d1
01-31 12:40:06 com_github_MitjaNemec_ReplicateLayout.replicate_layout 986:Dst text UUid:669d8d8e-4edd-4f35-a99f-b75b2224997d
01-31 12:40:06 com_github_MitjaNemec_ReplicateLayout.replicate_layout 985:Src text UUid:39d2dbd7-7f90-493d-be9d-7c294388d5ba
01-31 12:40:06 com_github_MitjaNemec_ReplicateLayout.replicate_layout 986:Dst text UUid:f6e6400e-1912-40d9-9aec-4b642453470c
01-31 12:40:06 com_github_MitjaNemec_ReplicateLayout.replicate_layout 985:Src text UUid:df3dce64-db52-4d1c-8178-b62946b3a00b
01-31 12:40:06 com_github_MitjaNemec_ReplicateLayout.replicate_layout 986:Dst text UUid:08b61470-dd76-4d27-a645-6ef3025874c5
01-31 12:40:06 com_github_MitjaNemec_ReplicateLayout.replicate_layout 985:Src text UUid:ba86752d-372e-4df8-82c6-a4fb1f6824e3
01-31 12:40:06 com_github_MitjaNemec_ReplicateLayout.replicate_layout 986:Dst text UUid:24c8647b-bda1-4ea0-91f2-022497a0a34a
01-31 12:40:06 com_github_MitjaNemec_ReplicateLayout.replicate_layout 985:Src text UUid:70daaec3-0994-422c-898f-06d3d6812aa5
01-31 12:40:06 com_github_MitjaNemec_ReplicateLayout.replicate_layout 986:Dst text UUid:fe471e5a-99c8-4313-89c2-cdab4aa9e327
01-31 12:40:06 com_github_MitjaNemec_ReplicateLayout.replicate_layout 985:Src text UUid:ab411f0d-e0e4-46ff-b148-cd27bc7663dc
01-31 12:40:06 com_github_MitjaNemec_ReplicateLayout.replicate_layout 986:Dst text UUid:632b389c-e033-4839-ad78-08010d962dac
01-31 12:40:06 com_github_MitjaNemec_ReplicateLayout.replicate_layout 985:Src text UUid:2af61b3d-139d-4d86-8875-0ff553a1dd13
01-31 12:40:06 com_github_MitjaNemec_ReplicateLayout.replicate_layout 986:Dst text UUid:1e6e2826-0bce-4ac9-b7b0-e729ed4ac6e0
01-31 12:40:06 com_github_MitjaNemec_ReplicateLayout.replicate_layout 985:Src text UUid:47e62091-a307-40ba-b1ad-5f9b938ef47d
01-31 12:40:06 com_github_MitjaNemec_ReplicateLayout.replicate_layout 986:Dst text UUid:e1596477-22df-4a28-91de-0513fb3b849a
01-31 12:40:06 com_github_MitjaNemec_ReplicateLayout.replicate_layout 985:Src text UUid:532f652f-2180-4783-ae99-0e56e953e5a5
01-31 12:40:06 com_github_MitjaNemec_ReplicateLayout.replicate_layout 986:Dst text UUid:8ed5737d-7614-4cd1-b788-0b06d343a8e3
01-31 12:40:06 com_github_MitjaNemec_ReplicateLayout.replicate_layout 985:Src text UUid:a15ae69b-69a7-4b6d-a09b-9357e896d85a
01-31 12:40:06 com_github_MitjaNemec_ReplicateLayout.replicate_layout 986:Dst text UUid:9b9e432c-8a38-431c-96ae-988ab7355f3d
01-31 12:40:06 com_github_MitjaNemec_ReplicateLayout.replicate_layout 985:Src text UUid:8cc6afa1-2fb3-4750-adba-66cd9925d9bc
01-31 12:40:06 com_github_MitjaNemec_ReplicateLayout.replicate_layout 986:Dst text UUid:1015efb9-afee-4700-8045-f9e922803c78
01-31 12:40:06 com_github_MitjaNemec_ReplicateLayout.replicate_layout 985:Src text UUid:a403c827-dbef-48a4-b40f-a026cb426d33
01-31 12:40:06 com_github_MitjaNemec_ReplicateLayout.replicate_layout 986:Dst text UUid:ab3629b7-7a36-4719-aee3-4d4eb8aeaaec
01-31 12:40:06 com_github_MitjaNemec_ReplicateLayout.replicate_layout 985:Src text UUid:cde8ce1b-ceca-4957-a6fb-c534bc5c4001
01-31 12:40:06 com_github_MitjaNemec_ReplicateLayout.replicate_layout 986:Dst text UUid:0c44d7bc-90bf-406b-a1cd-f2269994351f
01-31 12:40:06 com_github_MitjaNemec_ReplicateLayout.replicate_layout 985:Src text UUid:d677a09a-5feb-47a3-87d5-e03d10221d60
01-31 12:40:06 com_github_MitjaNemec_ReplicateLayout.replicate_layout 986:Dst text UUid:9fd5679c-0a93-47c2-95c1-a57ca4d1b09f
01-31 12:40:06 com_github_MitjaNemec_ReplicateLayout.replicate_layout 985:Src text UUid:b559489e-84ca-4c23-b2cb-8e75f51642e7
01-31 12:40:06 com_github_MitjaNemec_ReplicateLayout.replicate_layout 986:Dst text UUid:b1d5732e-baef-4015-a72a-580838c4f403
01-31 12:40:06 com_github_MitjaNemec_ReplicateLayout.replicate_layout 985:Src text UUid:a749c85d-7bf6-47a4-a348-12c149feb500
01-31 12:40:06 com_github_MitjaNemec_ReplicateLayout.replicate_layout 986:Dst text UUid:138c85a2-cd4b-4f7e-87ed-e5033b6ac8b0
01-31 12:40:06 com_github_MitjaNemec_ReplicateLayout.replicate_layout 985:Src text UUid:4a71479b-f45c-4cb1-a726-5019ead9ce65
01-31 12:40:06 com_github_MitjaNemec_ReplicateLayout.replicate_layout 986:Dst text UUid:ba4b66c7-6f84-4e01-91c9-e3f560590b6c
01-31 12:40:06 com_github_MitjaNemec_ReplicateLayout.replicate_layout 985:Src text UUid:921778e5-d611-4aa6-a618-3b2a4f5e3b8b
01-31 12:40:06 com_github_MitjaNemec_ReplicateLayout.replicate_layout 986:Dst text UUid:c9632d89-4525-4c83-91ca-b34c0f84a7eb
01-31 12:40:06 com_github_MitjaNemec_ReplicateLayout.replicate_layout 985:Src text UUid:76e856f0-4194-425e-836b-36a4d1b35199
01-31 12:40:06 com_github_MitjaNemec_ReplicateLayout.replicate_layout 986:Dst text UUid:73202045-8218-477f-b47e-cb239c3f82f2
01-31 12:40:06 com_github_MitjaNemec_ReplicateLayout.replicate_layout 985:Src text UUid:66be0711-9bbe-45f2-8fd8-e04bcdee99a3
01-31 12:40:06 com_github_MitjaNemec_ReplicateLayout.replicate_layout 986:Dst text UUid:a063ed51-27a4-407a-9de7-b5522813f965
01-31 12:40:06 com_github_MitjaNemec_ReplicateLayout.replicate_layout 985:Src text UUid:5186dd22-b4ae-4a06-98ad-8042aea8bfa8
01-31 12:40:06 com_github_MitjaNemec_ReplicateLayout.replicate_layout 986:Dst text UUid:a10023b5-f90e-4822-bf3d-a8bd9c953ce4
01-31 12:40:06 com_github_MitjaNemec_ReplicateLayout.replicate_layout 868:Replicating footprints on sheet ['Main_Converter2']
01-31 12:40:06 com_github_MitjaNemec_ReplicateLayout.replicate_layout 985:Src text UUid:2dbdcb3c-29c7-48e7-8d70-0c423d2168a9
01-31 12:40:06 com_github_MitjaNemec_ReplicateLayout.replicate_layout 986:Dst text UUid:2df362ca-c20a-4903-8fa9-e19d94054fc7
01-31 12:40:06 com_github_MitjaNemec_ReplicateLayout.replicate_layout 985:Src text UUid:d1162601-3013-4cef-93c4-d3e21722924f
01-31 12:40:06 com_github_MitjaNemec_ReplicateLayout.replicate_layout 986:Dst text UUid:6f2b16ad-fcc2-4573-837e-bf53145f2f50
01-31 12:40:06 com_github_MitjaNemec_ReplicateLayout.replicate_layout 985:Src text UUid:6708656b-3738-4d53-88fd-7df6b980bb60
01-31 12:40:06 com_github_MitjaNemec_ReplicateLayout.replicate_layout 986:Dst text UUid:b6c1a443-6bc3-4719-801d-08dedffd534d
01-31 12:40:06 root 337:updating GUI with: 37
01-31 12:40:06 com_github_MitjaNemec_ReplicateLayout.replicate_layout 985:Src text UUid:1a83bd49-d2a6-4903-97b5-eb4b0a7ead51
01-31 12:40:06 com_github_MitjaNemec_ReplicateLayout.replicate_layout 986:Dst text UUid:d9809747-4694-4b8d-9bc5-29bea291f4be
01-31 12:40:06 com_github_MitjaNemec_ReplicateLayout.replicate_layout 985:Src text UUid:f5b27207-7b42-4de1-9204-79ae887a3403
01-31 12:40:06 com_github_MitjaNemec_ReplicateLayout.replicate_layout 986:Dst text UUid:ce1fab4c-da64-4487-b465-7b4164a1f5a1
01-31 12:40:06 com_github_MitjaNemec_ReplicateLayout.replicate_layout 985:Src text UUid:04633b09-ac02-4494-bc72-95b7a0f047fd
01-31 12:40:06 com_github_MitjaNemec_ReplicateLayout.replicate_layout 986:Dst text UUid:49d53cdc-ae30-4f2b-9a53-bc96ae731c6c
01-31 12:40:06 com_github_MitjaNemec_ReplicateLayout.replicate_layout 985:Src text UUid:3aff0503-ef21-4830-a68d-1c21fa07742d
01-31 12:40:06 com_github_MitjaNemec_ReplicateLayout.replicate_layout 986:Dst text UUid:1135c3c1-ac7d-462d-b80a-d8b20ab3cf98
01-31 12:40:06 com_github_MitjaNemec_ReplicateLayout.replicate_layout 985:Src text UUid:2a0b9988-fbae-4e19-a575-9a9b080998f2
01-31 12:40:06 com_github_MitjaNemec_ReplicateLayout.replicate_layout 986:Dst text UUid:10f5921e-f7bf-43f2-93e6-d9c0c6e55038
01-31 12:40:06 com_github_MitjaNemec_ReplicateLayout.replicate_layout 985:Src text UUid:aa1f6d6e-c250-494d-9c9b-64ae1b523ad8
01-31 12:40:06 com_github_MitjaNemec_ReplicateLayout.replicate_layout 986:Dst text UUid:df92e710-98ee-42a4-a572-1dacfdfbee92
01-31 12:40:06 com_github_MitjaNemec_ReplicateLayout.replicate_layout 985:Src text UUid:2c991287-11a9-4d60-ba41-13c9053b5f18
01-31 12:40:06 com_github_MitjaNemec_ReplicateLayout.replicate_layout 986:Dst text UUid:df2a9324-2795-4708-a88d-5c2ab7640ce8
01-31 12:40:06 com_github_MitjaNemec_ReplicateLayout.replicate_layout 985:Src text UUid:6bb3b6e6-01d0-401e-801e-dec2c41064af
01-31 12:40:06 com_github_MitjaNemec_ReplicateLayout.replicate_layout 986:Dst text UUid:f310c12d-b402-4a7d-842a-c81c34f96a81
01-31 12:40:06 com_github_MitjaNemec_ReplicateLayout.replicate_layout 985:Src text UUid:5ffdd7a2-b7d3-4800-8fd9-4f0304442a4b
01-31 12:40:06 com_github_MitjaNemec_ReplicateLayout.replicate_layout 986:Dst text UUid:27ea46af-4fb4-46d5-9c16-33cf401113dc
01-31 12:40:06 com_github_MitjaNemec_ReplicateLayout.replicate_layout 985:Src text UUid:09ae19fb-f6cd-4068-9878-7c2d960740d3
01-31 12:40:06 com_github_MitjaNemec_ReplicateLayout.replicate_layout 986:Dst text UUid:78835252-cd54-4a09-9ff2-c14cee9fd421
01-31 12:40:06 com_github_MitjaNemec_ReplicateLayout.replicate_layout 985:Src text UUid:7a82181c-ea86-40f7-b78b-2d038ed10ea2
01-31 12:40:06 com_github_MitjaNemec_ReplicateLayout.replicate_layout 986:Dst text UUid:15cdc080-31da-4485-9104-3e296d3bcce6
01-31 12:40:06 com_github_MitjaNemec_ReplicateLayout.replicate_layout 985:Src text UUid:21997c1b-c2a8-4174-8a50-656d0b0bfdb8
01-31 12:40:06 com_github_MitjaNemec_ReplicateLayout.replicate_layout 986:Dst text UUid:c1a0481a-cad0-4548-875e-e732e1d38038
01-31 12:40:06 com_github_MitjaNemec_ReplicateLayout.replicate_layout 985:Src text UUid:97123e72-dbbc-4bd2-bbbd-248d8a4e3a43
01-31 12:40:06 com_github_MitjaNemec_ReplicateLayout.replicate_layout 986:Dst text UUid:60cce10d-565d-4a66-92d1-251804e74aa3
01-31 12:40:06 com_github_MitjaNemec_ReplicateLayout.replicate_layout 985:Src text UUid:206800e2-aefc-4705-96e3-2fdf0cb968cd
01-31 12:40:06 com_github_MitjaNemec_ReplicateLayout.replicate_layout 986:Dst text UUid:0760deec-f76b-4de8-a461-20032f8a9bc6
01-31 12:40:06 com_github_MitjaNemec_ReplicateLayout.replicate_layout 985:Src text UUid:6285ff43-e232-48d1-baf3-d1a1a0b03cf4
01-31 12:40:06 com_github_MitjaNemec_ReplicateLayout.replicate_layout 986:Dst text UUid:5f6e1c67-066e-4ee6-9b0f-c511d5d821b5
01-31 12:40:06 com_github_MitjaNemec_ReplicateLayout.replicate_layout 985:Src text UUid:8d35d45c-e3a7-41b6-80b5-02da279b4f34
01-31 12:40:06 com_github_MitjaNemec_ReplicateLayout.replicate_layout 986:Dst text UUid:a286b7de-0d81-4805-b200-7e6dbbda913a
01-31 12:40:06 com_github_MitjaNemec_ReplicateLayout.replicate_layout 985:Src text UUid:8604b7c1-3e7f-4b16-9107-2f029c493747
01-31 12:40:06 com_github_MitjaNemec_ReplicateLayout.replicate_layout 986:Dst text UUid:069b0b10-6825-4c45-b44a-68495ccb1441
01-31 12:40:06 com_github_MitjaNemec_ReplicateLayout.replicate_layout 985:Src text UUid:31421a14-b4cc-4ae9-ba83-8a9f1cd41510
01-31 12:40:06 com_github_MitjaNemec_ReplicateLayout.replicate_layout 986:Dst text UUid:8f0b953e-ba36-4332-820d-7c1faf2a6ebc
01-31 12:40:06 com_github_MitjaNemec_ReplicateLayout.replicate_layout 985:Src text UUid:c949b986-9947-433b-9c57-a7bb0bb132a9
01-31 12:40:06 com_github_MitjaNemec_ReplicateLayout.replicate_layout 986:Dst text UUid:5a4a866b-71d9-425b-84e0-d56b1c49a659
01-31 12:40:06 com_github_MitjaNemec_ReplicateLayout.replicate_layout 985:Src text UUid:d7f3ef78-3eae-4d18-9818-87d8f7c2226b
01-31 12:40:06 com_github_MitjaNemec_ReplicateLayout.replicate_layout 986:Dst text UUid:c01eb96e-74df-46f6-aa8c-127a44e9f2e5
01-31 12:40:06 com_github_MitjaNemec_ReplicateLayout.replicate_layout 985:Src text UUid:a3857038-60ca-4bc7-abe9-f49f30cf94d1
01-31 12:40:06 com_github_MitjaNemec_ReplicateLayout.replicate_layout 986:Dst text UUid:a49188b8-d528-4956-831d-b8688de45f41
01-31 12:40:06 com_github_MitjaNemec_ReplicateLayout.replicate_layout 985:Src text UUid:39d2dbd7-7f90-493d-be9d-7c294388d5ba
01-31 12:40:06 com_github_MitjaNemec_ReplicateLayout.replicate_layout 986:Dst text UUid:4f784cbf-29d7-46cd-a62c-ebf5da3d4c93
01-31 12:40:06 com_github_MitjaNemec_ReplicateLayout.replicate_layout 985:Src text UUid:df3dce64-db52-4d1c-8178-b62946b3a00b
01-31 12:40:06 com_github_MitjaNemec_ReplicateLayout.replicate_layout 986:Dst text UUid:84543ecf-9a5e-4183-bec6-7dae84b920c5
01-31 12:40:06 com_github_MitjaNemec_ReplicateLayout.replicate_layout 985:Src text UUid:ba86752d-372e-4df8-82c6-a4fb1f6824e3
01-31 12:40:06 com_github_MitjaNemec_ReplicateLayout.replicate_layout 986:Dst text UUid:a15e539d-d45e-4dc5-8532-235cf45c13b1
01-31 12:40:06 com_github_MitjaNemec_ReplicateLayout.replicate_layout 985:Src text UUid:70daaec3-0994-422c-898f-06d3d6812aa5
01-31 12:40:06 com_github_MitjaNemec_ReplicateLayout.replicate_layout 986:Dst text UUid:edc7db9f-eccd-4bd4-8de6-4a813d7e49b0
01-31 12:40:06 com_github_MitjaNemec_ReplicateLayout.replicate_layout 985:Src text UUid:ab411f0d-e0e4-46ff-b148-cd27bc7663dc
01-31 12:40:06 com_github_MitjaNemec_ReplicateLayout.replicate_layout 986:Dst text UUid:71d754ae-a15e-44c6-852d-d64ed4828b60
01-31 12:40:06 com_github_MitjaNemec_ReplicateLayout.replicate_layout 985:Src text UUid:2af61b3d-139d-4d86-8875-0ff553a1dd13
01-31 12:40:06 com_github_MitjaNemec_ReplicateLayout.replicate_layout 986:Dst text UUid:80d46b37-e6b7-4519-a8dd-a644664e3ffb
01-31 12:40:06 com_github_MitjaNemec_ReplicateLayout.replicate_layout 985:Src text UUid:47e62091-a307-40ba-b1ad-5f9b938ef47d
01-31 12:40:06 com_github_MitjaNemec_ReplicateLayout.replicate_layout 986:Dst text UUid:f09ee6e8-4ce2-4fea-bfee-6949e13bb3d6
01-31 12:40:06 com_github_MitjaNemec_ReplicateLayout.replicate_layout 985:Src text UUid:532f652f-2180-4783-ae99-0e56e953e5a5
01-31 12:40:06 com_github_MitjaNemec_ReplicateLayout.replicate_layout 986:Dst text UUid:4aad9bd9-1d6e-4025-9432-63731982695f
01-31 12:40:06 com_github_MitjaNemec_ReplicateLayout.replicate_layout 985:Src text UUid:a15ae69b-69a7-4b6d-a09b-9357e896d85a
01-31 12:40:06 com_github_MitjaNemec_ReplicateLayout.replicate_layout 986:Dst text UUid:0ffc1908-5f01-4a53-be01-7de3cd1597f2
01-31 12:40:06 com_github_MitjaNemec_ReplicateLayout.replicate_layout 985:Src text UUid:8cc6afa1-2fb3-4750-adba-66cd9925d9bc
01-31 12:40:06 com_github_MitjaNemec_ReplicateLayout.replicate_layout 986:Dst text UUid:e4bd2101-231f-4f5c-bcff-8865ca055074
01-31 12:40:06 com_github_MitjaNemec_ReplicateLayout.replicate_layout 985:Src text UUid:a403c827-dbef-48a4-b40f-a026cb426d33
01-31 12:40:06 com_github_MitjaNemec_ReplicateLayout.replicate_layout 986:Dst text UUid:156a0e6b-d7d2-401f-bebf-69a858c29e8e
01-31 12:40:06 com_github_MitjaNemec_ReplicateLayout.replicate_layout 985:Src text UUid:cde8ce1b-ceca-4957-a6fb-c534bc5c4001
01-31 12:40:06 com_github_MitjaNemec_ReplicateLayout.replicate_layout 986:Dst text UUid:3a384a15-3bdc-4b95-a433-4757063a3037
01-31 12:40:06 com_github_MitjaNemec_ReplicateLayout.replicate_layout 985:Src text UUid:d677a09a-5feb-47a3-87d5-e03d10221d60
01-31 12:40:06 com_github_MitjaNemec_ReplicateLayout.replicate_layout 986:Dst text UUid:ced0a932-0319-4982-b8ac-e86b5cde5cce
01-31 12:40:06 com_github_MitjaNemec_ReplicateLayout.replicate_layout 985:Src text UUid:b559489e-84ca-4c23-b2cb-8e75f51642e7
01-31 12:40:06 com_github_MitjaNemec_ReplicateLayout.replicate_layout 986:Dst text UUid:622042eb-562e-4ddb-9e61-35d413832279
01-31 12:40:06 com_github_MitjaNemec_ReplicateLayout.replicate_layout 985:Src text UUid:a749c85d-7bf6-47a4-a348-12c149feb500
01-31 12:40:06 com_github_MitjaNemec_ReplicateLayout.replicate_layout 986:Dst text UUid:ade2ce13-c740-4efa-bd68-7a7dd5e92e9d
01-31 12:40:06 com_github_MitjaNemec_ReplicateLayout.replicate_layout 985:Src text UUid:4a71479b-f45c-4cb1-a726-5019ead9ce65
01-31 12:40:06 com_github_MitjaNemec_ReplicateLayout.replicate_layout 986:Dst text UUid:4a179be9-789c-408a-a1d1-e2448a2c316c
01-31 12:40:06 com_github_MitjaNemec_ReplicateLayout.replicate_layout 985:Src text UUid:921778e5-d611-4aa6-a618-3b2a4f5e3b8b
01-31 12:40:06 com_github_MitjaNemec_ReplicateLayout.replicate_layout 986:Dst text UUid:05fc3e51-4af5-4196-bd3d-b53f64c5cc40
01-31 12:40:06 com_github_MitjaNemec_ReplicateLayout.replicate_layout 985:Src text UUid:76e856f0-4194-425e-836b-36a4d1b35199
01-31 12:40:06 com_github_MitjaNemec_ReplicateLayout.replicate_layout 986:Dst text UUid:88c6684e-35a5-4f80-aa9e-e7524aa92505
01-31 12:40:06 com_github_MitjaNemec_ReplicateLayout.replicate_layout 985:Src text UUid:66be0711-9bbe-45f2-8fd8-e04bcdee99a3
01-31 12:40:06 com_github_MitjaNemec_ReplicateLayout.replicate_layout 986:Dst text UUid:aa09f2f7-4371-4e1d-90f7-6e196314afb8
01-31 12:40:06 com_github_MitjaNemec_ReplicateLayout.replicate_layout 985:Src text UUid:5186dd22-b4ae-4a06-98ad-8042aea8bfa8
01-31 12:40:06 com_github_MitjaNemec_ReplicateLayout.replicate_layout 986:Dst text UUid:7fa87aba-2275-4683-ac49-6220d235f03f
01-31 12:40:06 com_github_MitjaNemec_ReplicateLayout.replicate_layout 868:Replicating footprints on sheet ['Main_Converter3']
01-31 12:40:06 com_github_MitjaNemec_ReplicateLayout.replicate_layout 985:Src text UUid:2dbdcb3c-29c7-48e7-8d70-0c423d2168a9
01-31 12:40:06 com_github_MitjaNemec_ReplicateLayout.replicate_layout 986:Dst text UUid:34e28c36-0538-4dea-827f-8f0022f44097
01-31 12:40:06 com_github_MitjaNemec_ReplicateLayout.replicate_layout 985:Src text UUid:d1162601-3013-4cef-93c4-d3e21722924f
01-31 12:40:06 com_github_MitjaNemec_ReplicateLayout.replicate_layout 986:Dst text UUid:097588fd-d327-4541-bf66-b2a49fc83776
01-31 12:40:06 com_github_MitjaNemec_ReplicateLayout.replicate_layout 985:Src text UUid:6708656b-3738-4d53-88fd-7df6b980bb60
01-31 12:40:06 com_github_MitjaNemec_ReplicateLayout.replicate_layout 986:Dst text UUid:b9d7ca10-e81e-43d5-97f4-bce247132fa1
01-31 12:40:06 com_github_MitjaNemec_ReplicateLayout.replicate_layout 985:Src text UUid:1a83bd49-d2a6-4903-97b5-eb4b0a7ead51
01-31 12:40:06 com_github_MitjaNemec_ReplicateLayout.replicate_layout 986:Dst text UUid:d9b6e614-decd-4a51-8c2d-d7632fe72204
01-31 12:40:06 com_github_MitjaNemec_ReplicateLayout.replicate_layout 985:Src text UUid:f5b27207-7b42-4de1-9204-79ae887a3403
01-31 12:40:06 com_github_MitjaNemec_ReplicateLayout.replicate_layout 986:Dst text UUid:58d9263f-86b4-4415-8391-6bcfe65ddc5f
01-31 12:40:06 com_github_MitjaNemec_ReplicateLayout.replicate_layout 985:Src text UUid:04633b09-ac02-4494-bc72-95b7a0f047fd
01-31 12:40:06 com_github_MitjaNemec_ReplicateLayout.replicate_layout 986:Dst text UUid:a2962a82-e5b6-4373-b21f-4717d80f6247
01-31 12:40:06 com_github_MitjaNemec_ReplicateLayout.replicate_layout 985:Src text UUid:3aff0503-ef21-4830-a68d-1c21fa07742d
01-31 12:40:06 com_github_MitjaNemec_ReplicateLayout.replicate_layout 986:Dst text UUid:c29906ab-1107-4cdb-87fb-2280604db40f
01-31 12:40:06 com_github_MitjaNemec_ReplicateLayout.replicate_layout 985:Src text UUid:2a0b9988-fbae-4e19-a575-9a9b080998f2
01-31 12:40:06 com_github_MitjaNemec_ReplicateLayout.replicate_layout 986:Dst text UUid:7bb60334-871a-40ad-b611-0bea6d400b44
01-31 12:40:06 com_github_MitjaNemec_ReplicateLayout.replicate_layout 985:Src text UUid:aa1f6d6e-c250-494d-9c9b-64ae1b523ad8
01-31 12:40:06 com_github_MitjaNemec_ReplicateLayout.replicate_layout 986:Dst text UUid:cd40a5fa-8925-4302-97d5-de6ae4fc48ac
01-31 12:40:06 com_github_MitjaNemec_ReplicateLayout.replicate_layout 985:Src text UUid:2c991287-11a9-4d60-ba41-13c9053b5f18
01-31 12:40:06 com_github_MitjaNemec_ReplicateLayout.replicate_layout 986:Dst text UUid:ee94b991-c5a1-466b-8fe3-34c191611740
01-31 12:40:06 com_github_MitjaNemec_ReplicateLayout.replicate_layout 985:Src text UUid:6bb3b6e6-01d0-401e-801e-dec2c41064af
01-31 12:40:06 com_github_MitjaNemec_ReplicateLayout.replicate_layout 986:Dst text UUid:82e362d0-c794-4724-9d32-01bc48e14996
01-31 12:40:06 com_github_MitjaNemec_ReplicateLayout.replicate_layout 985:Src text UUid:5ffdd7a2-b7d3-4800-8fd9-4f0304442a4b
01-31 12:40:06 com_github_MitjaNemec_ReplicateLayout.replicate_layout 986:Dst text UUid:e6c7e484-3a5c-4b42-ae44-9efc42e48904
01-31 12:40:06 com_github_MitjaNemec_ReplicateLayout.replicate_layout 985:Src text UUid:09ae19fb-f6cd-4068-9878-7c2d960740d3
01-31 12:40:06 com_github_MitjaNemec_ReplicateLayout.replicate_layout 986:Dst text UUid:06404d2e-e584-4c6f-9da3-d4874b2ad365
01-31 12:40:06 com_github_MitjaNemec_ReplicateLayout.replicate_layout 985:Src text UUid:7a82181c-ea86-40f7-b78b-2d038ed10ea2
01-31 12:40:06 com_github_MitjaNemec_ReplicateLayout.replicate_layout 986:Dst text UUid:b86ea73e-0447-489e-9997-55e235d4d0f4
01-31 12:40:06 com_github_MitjaNemec_ReplicateLayout.replicate_layout 985:Src text UUid:21997c1b-c2a8-4174-8a50-656d0b0bfdb8
01-31 12:40:06 com_github_MitjaNemec_ReplicateLayout.replicate_layout 986:Dst text UUid:3ae36e97-5631-4dc3-89c3-55d8b38c4177
01-31 12:40:06 com_github_MitjaNemec_ReplicateLayout.replicate_layout 985:Src text UUid:97123e72-dbbc-4bd2-bbbd-248d8a4e3a43
01-31 12:40:06 com_github_MitjaNemec_ReplicateLayout.replicate_layout 986:Dst text UUid:982a4aaa-9c9a-4bd5-9a58-f91628ab74c8
01-31 12:40:06 com_github_MitjaNemec_ReplicateLayout.replicate_layout 985:Src text UUid:206800e2-aefc-4705-96e3-2fdf0cb968cd
01-31 12:40:06 com_github_MitjaNemec_ReplicateLayout.replicate_layout 986:Dst text UUid:56f2dead-4c38-47d8-8846-5082113f0ff4
01-31 12:40:06 com_github_MitjaNemec_ReplicateLayout.replicate_layout 985:Src text UUid:6285ff43-e232-48d1-baf3-d1a1a0b03cf4
01-31 12:40:06 com_github_MitjaNemec_ReplicateLayout.replicate_layout 986:Dst text UUid:5492fa19-332a-4505-bcb9-772216a75fcb
01-31 12:40:06 com_github_MitjaNemec_ReplicateLayout.replicate_layout 985:Src text UUid:8d35d45c-e3a7-41b6-80b5-02da279b4f34
01-31 12:40:06 com_github_MitjaNemec_ReplicateLayout.replicate_layout 986:Dst text UUid:ef198530-a4e1-4736-8a84-d332631f7d28
01-31 12:40:06 com_github_MitjaNemec_ReplicateLayout.replicate_layout 985:Src text UUid:8604b7c1-3e7f-4b16-9107-2f029c493747
01-31 12:40:06 com_github_MitjaNemec_ReplicateLayout.replicate_layout 986:Dst text UUid:d7b5e763-5b91-4661-8b21-4650277f4392
01-31 12:40:06 com_github_MitjaNemec_ReplicateLayout.replicate_layout 985:Src text UUid:31421a14-b4cc-4ae9-ba83-8a9f1cd41510
01-31 12:40:06 com_github_MitjaNemec_ReplicateLayout.replicate_layout 986:Dst text UUid:df946358-67ea-4881-aaf8-63d732cebca5
01-31 12:40:06 com_github_MitjaNemec_ReplicateLayout.replicate_layout 985:Src text UUid:c949b986-9947-433b-9c57-a7bb0bb132a9
01-31 12:40:06 com_github_MitjaNemec_ReplicateLayout.replicate_layout 986:Dst text UUid:bca92df7-552e-4f62-b781-a90864bdd462
01-31 12:40:06 com_github_MitjaNemec_ReplicateLayout.replicate_layout 985:Src text UUid:d7f3ef78-3eae-4d18-9818-87d8f7c2226b
01-31 12:40:06 com_github_MitjaNemec_ReplicateLayout.replicate_layout 986:Dst text UUid:a24a15e2-db27-49e9-98a4-957fab1427a2
01-31 12:40:06 com_github_MitjaNemec_ReplicateLayout.replicate_layout 985:Src text UUid:a3857038-60ca-4bc7-abe9-f49f30cf94d1
01-31 12:40:06 com_github_MitjaNemec_ReplicateLayout.replicate_layout 986:Dst text UUid:7549461b-8cdc-42cd-a517-17bbe53dd30a
01-31 12:40:06 com_github_MitjaNemec_ReplicateLayout.replicate_layout 985:Src text UUid:39d2dbd7-7f90-493d-be9d-7c294388d5ba
01-31 12:40:06 com_github_MitjaNemec_ReplicateLayout.replicate_layout 986:Dst text UUid:7bec1471-ea3a-486c-b085-9829a489051f
01-31 12:40:06 com_github_MitjaNemec_ReplicateLayout.replicate_layout 985:Src text UUid:df3dce64-db52-4d1c-8178-b62946b3a00b
01-31 12:40:06 com_github_MitjaNemec_ReplicateLayout.replicate_layout 986:Dst text UUid:7a1a1f19-914d-433e-8a9d-e0a5f04a8b05
01-31 12:40:06 com_github_MitjaNemec_ReplicateLayout.replicate_layout 985:Src text UUid:ba86752d-372e-4df8-82c6-a4fb1f6824e3
01-31 12:40:06 com_github_MitjaNemec_ReplicateLayout.replicate_layout 986:Dst text UUid:0038618d-a880-4513-abea-f8481409c25f
01-31 12:40:06 com_github_MitjaNemec_ReplicateLayout.replicate_layout 985:Src text UUid:70daaec3-0994-422c-898f-06d3d6812aa5
01-31 12:40:06 com_github_MitjaNemec_ReplicateLayout.replicate_layout 986:Dst text UUid:e05da3a6-0f9c-4b6e-bbb4-6b75c3be0160
01-31 12:40:06 com_github_MitjaNemec_ReplicateLayout.replicate_layout 985:Src text UUid:ab411f0d-e0e4-46ff-b148-cd27bc7663dc
01-31 12:40:06 com_github_MitjaNemec_ReplicateLayout.replicate_layout 986:Dst text UUid:ed51207c-505d-48a2-ad2f-c7ad718cae46
01-31 12:40:06 com_github_MitjaNemec_ReplicateLayout.replicate_layout 985:Src text UUid:2af61b3d-139d-4d86-8875-0ff553a1dd13
01-31 12:40:06 com_github_MitjaNemec_ReplicateLayout.replicate_layout 986:Dst text UUid:75459357-b054-45f3-a4cb-05cf705ec40d
01-31 12:40:06 com_github_MitjaNemec_ReplicateLayout.replicate_layout 985:Src text UUid:47e62091-a307-40ba-b1ad-5f9b938ef47d
01-31 12:40:06 com_github_MitjaNemec_ReplicateLayout.replicate_layout 986:Dst text UUid:92a2e9fb-3217-41ed-98cd-ec0533346156
01-31 12:40:06 com_github_MitjaNemec_ReplicateLayout.replicate_layout 985:Src text UUid:532f652f-2180-4783-ae99-0e56e953e5a5
01-31 12:40:06 com_github_MitjaNemec_ReplicateLayout.replicate_layout 986:Dst text UUid:f64062b5-3a5b-44e0-a5a7-3486c0e8b8d8
01-31 12:40:06 com_github_MitjaNemec_ReplicateLayout.replicate_layout 985:Src text UUid:a15ae69b-69a7-4b6d-a09b-9357e896d85a
01-31 12:40:06 com_github_MitjaNemec_ReplicateLayout.replicate_layout 986:Dst text UUid:b23ce691-e0b9-4ceb-831a-2cd0cb86f5cf
01-31 12:40:06 com_github_MitjaNemec_ReplicateLayout.replicate_layout 985:Src text UUid:8cc6afa1-2fb3-4750-adba-66cd9925d9bc
01-31 12:40:06 com_github_MitjaNemec_ReplicateLayout.replicate_layout 986:Dst text UUid:31b05105-1c25-48b0-9dec-f097d377055a
01-31 12:40:06 com_github_MitjaNemec_ReplicateLayout.replicate_layout 985:Src text UUid:a403c827-dbef-48a4-b40f-a026cb426d33
01-31 12:40:06 com_github_MitjaNemec_ReplicateLayout.replicate_layout 986:Dst text UUid:bff668c4-a88b-4e0c-b792-4f4316dd00d9
01-31 12:40:06 com_github_MitjaNemec_ReplicateLayout.replicate_layout 985:Src text UUid:cde8ce1b-ceca-4957-a6fb-c534bc5c4001
01-31 12:40:06 com_github_MitjaNemec_ReplicateLayout.replicate_layout 986:Dst text UUid:f33faccd-aef3-41b6-ae5a-e1903195c788
01-31 12:40:06 com_github_MitjaNemec_ReplicateLayout.replicate_layout 985:Src text UUid:d677a09a-5feb-47a3-87d5-e03d10221d60
01-31 12:40:06 com_github_MitjaNemec_ReplicateLayout.replicate_layout 986:Dst text UUid:d789d7a9-0fcd-41e9-9a35-35ec5178a440
01-31 12:40:06 com_github_MitjaNemec_ReplicateLayout.replicate_layout 985:Src text UUid:b559489e-84ca-4c23-b2cb-8e75f51642e7
01-31 12:40:06 com_github_MitjaNemec_ReplicateLayout.replicate_layout 986:Dst text UUid:b178cbd7-dbfd-4799-965e-84160b3557a2
01-31 12:40:06 com_github_MitjaNemec_ReplicateLayout.replicate_layout 985:Src text UUid:a749c85d-7bf6-47a4-a348-12c149feb500
01-31 12:40:06 com_github_MitjaNemec_ReplicateLayout.replicate_layout 986:Dst text UUid:647a22f8-ff88-47af-b27b-34d7874b7c31
01-31 12:40:06 com_github_MitjaNemec_ReplicateLayout.replicate_layout 985:Src text UUid:4a71479b-f45c-4cb1-a726-5019ead9ce65
01-31 12:40:06 com_github_MitjaNemec_ReplicateLayout.replicate_layout 986:Dst text UUid:88ffebec-ce85-446f-9243-7e2e44275a7e
01-31 12:40:06 com_github_MitjaNemec_ReplicateLayout.replicate_layout 985:Src text UUid:921778e5-d611-4aa6-a618-3b2a4f5e3b8b
01-31 12:40:06 com_github_MitjaNemec_ReplicateLayout.replicate_layout 986:Dst text UUid:4f99723b-ad79-4a3a-9287-330dbcdda65b
01-31 12:40:06 com_github_MitjaNemec_ReplicateLayout.replicate_layout 985:Src text UUid:76e856f0-4194-425e-836b-36a4d1b35199
01-31 12:40:06 com_github_MitjaNemec_ReplicateLayout.replicate_layout 986:Dst text UUid:1b159abf-b15e-42e9-840b-f8170fe33167
01-31 12:40:06 com_github_MitjaNemec_ReplicateLayout.replicate_layout 985:Src text UUid:66be0711-9bbe-45f2-8fd8-e04bcdee99a3
01-31 12:40:06 com_github_MitjaNemec_ReplicateLayout.replicate_layout 986:Dst text UUid:e4d71cd4-683d-46b4-81b2-975e8d8ae4f1
01-31 12:40:06 com_github_MitjaNemec_ReplicateLayout.replicate_layout 985:Src text UUid:5186dd22-b4ae-4a06-98ad-8042aea8bfa8
01-31 12:40:06 com_github_MitjaNemec_ReplicateLayout.replicate_layout 986:Dst text UUid:9523dab0-8259-460b-a5ac-13469aeccdf3
01-31 12:40:06 root 332:updating GUI message: 'Replicating tracks'
01-31 12:40:06 com_github_MitjaNemec_ReplicateLayout.replicate_layout 1009:Replicating tracks
01-31 12:40:06 com_github_MitjaNemec_ReplicateLayout.replicate_layout 1015:Replicating tracks on sheet ['Main_Converter']
01-31 12:40:06 com_github_MitjaNemec_ReplicateLayout.replicate_layout 776:Significant difference between src net: ['', 'P5V'] and dst net: ['', 'PM_5V_RTN'], with src_net_depth=2, dst_net_depth=2, src_fp_depth=1, dst_fp_depth=1, match level 0.75
01-31 12:40:06 com_github_MitjaNemec_ReplicateLayout.replicate_layout 776:Significant difference between src net: ['', 'PM_5V_RTN'] and dst net: ['', 'M5V'], with src_net_depth=2, dst_net_depth=2, src_fp_depth=1, dst_fp_depth=1, match level 0.75
01-31 12:40:06 com_github_MitjaNemec_ReplicateLayout.replicate_layout 776:Significant difference between src net: ['', 'P5V'] and dst net: ['', 'PM_5V_RTN'], with src_net_depth=2, dst_net_depth=2, src_fp_depth=1, dst_fp_depth=1, match level 0.75
01-31 12:40:06 com_github_MitjaNemec_ReplicateLayout.replicate_layout 776:Significant difference between src net: ['', 'PM_5V_RTN'] and dst net: ['', 'M5V'], with src_net_depth=2, dst_net_depth=2, src_fp_depth=1, dst_fp_depth=1, match level 0.75
01-31 12:40:06 com_github_MitjaNemec_ReplicateLayout.replicate_layout 776:Significant difference between src net: ['', 'P5V'] and dst net: ['', 'PM_5V_RTN'], with src_net_depth=2, dst_net_depth=2, src_fp_depth=1, dst_fp_depth=1, match level 0.75
01-31 12:40:06 com_github_MitjaNemec_ReplicateLayout.replicate_layout 776:Significant difference between src net: ['', 'PM_5V_RTN'] and dst net: ['', 'M5V'], with src_net_depth=2, dst_net_depth=2, src_fp_depth=1, dst_fp_depth=1, match level 0.75
01-31 12:40:06 com_github_MitjaNemec_ReplicateLayout.replicate_layout 776:Significant difference between src net: ['', 'P5V'] and dst net: ['', 'PM_5V_RTN'], with src_net_depth=2, dst_net_depth=2, src_fp_depth=1, dst_fp_depth=1, match level 0.75
01-31 12:40:06 com_github_MitjaNemec_ReplicateLayout.replicate_layout 776:Significant difference between src net: ['', 'PM_5V_RTN'] and dst net: ['', 'M5V'], with src_net_depth=2, dst_net_depth=2, src_fp_depth=1, dst_fp_depth=1, match level 0.75
01-31 12:40:06 com_github_MitjaNemec_ReplicateLayout.replicate_layout 776:Significant difference between src net: ['', 'P5V'] and dst net: ['', 'PM_5V_RTN'], with src_net_depth=2, dst_net_depth=2, src_fp_depth=1, dst_fp_depth=1, match level 0.75
01-31 12:40:06 com_github_MitjaNemec_ReplicateLayout.replicate_layout 776:Significant difference between src net: ['', 'PM_5V_RTN'] and dst net: ['', 'M5V'], with src_net_depth=2, dst_net_depth=2, src_fp_depth=1, dst_fp_depth=1, match level 0.75
01-31 12:40:06 com_github_MitjaNemec_ReplicateLayout.replicate_layout 776:Significant difference between src net: ['', 'P5V'] and dst net: ['', 'PM_5V_RTN'], with src_net_depth=2, dst_net_depth=2, src_fp_depth=1, dst_fp_depth=1, match level 0.75
01-31 12:40:06 com_github_MitjaNemec_ReplicateLayout.replicate_layout 776:Significant difference between src net: ['', 'PM_5V_RTN'] and dst net: ['', 'M5V'], with src_net_depth=2, dst_net_depth=2, src_fp_depth=1, dst_fp_depth=1, match level 0.75
01-31 12:40:06 com_github_MitjaNemec_ReplicateLayout.replicate_layout 792:Net pairs for sheet ['Main_Converter'] :[('/PM_5V_RTN', '/M5V'), ('/Main_Converter1/V_POS', '/Main_Converter/V_POS'), ('Net-(F1-Pad2)', 'Net-(F2-Pad2)'), ('/Enable_CKT/Enable', '/Enable_CKT/Enable'), ('unconnected-(U1-TRIM-Pad4)', 'unconnected-(U4-TRIM-Pad4)'), ('/Main_Converter1/V_RTN', '/Main_Converter/V_RTN'), ('/V_SEC_RTN', '/V_SEC_RTN'), ('/P5V', '/PM_5V_RTN'), ('/V_SEC_IN', '/V_SEC_IN'), ('Net-(C3-Pad1)', 'Net-(C16-Pad1)')]
01-31 12:40:06 com_github_MitjaNemec_ReplicateLayout.replicate_layout 1015:Replicating tracks on sheet ['Main_Converter2']
01-31 12:40:06 com_github_MitjaNemec_ReplicateLayout.replicate_layout 776:Significant difference between src net: ['', 'P5V'] and dst net: ['', 'PM_5V_TELEM_RTN'], with src_net_depth=2, dst_net_depth=2, src_fp_depth=1, dst_fp_depth=1, match level 0.67
01-31 12:40:06 com_github_MitjaNemec_ReplicateLayout.replicate_layout 776:Significant difference between src net: ['', 'PM_5V_RTN'] and dst net: ['', 'M5_TELEM'], with src_net_depth=2, dst_net_depth=2, src_fp_depth=1, dst_fp_depth=1, match level 0.68
01-31 12:40:06 com_github_MitjaNemec_ReplicateLayout.replicate_layout 776:Significant difference between src net: ['', 'P5V'] and dst net: ['', 'PM_5V_TELEM_RTN'], with src_net_depth=2, dst_net_depth=2, src_fp_depth=1, dst_fp_depth=1, match level 0.67
01-31 12:40:06 com_github_MitjaNemec_ReplicateLayout.replicate_layout 776:Significant difference between src net: ['', 'PM_5V_RTN'] and dst net: ['', 'M5_TELEM'], with src_net_depth=2, dst_net_depth=2, src_fp_depth=1, dst_fp_depth=1, match level 0.68
01-31 12:40:06 com_github_MitjaNemec_ReplicateLayout.replicate_layout 776:Significant difference between src net: ['', 'P5V'] and dst net: ['', 'PM_5V_TELEM_RTN'], with src_net_depth=2, dst_net_depth=2, src_fp_depth=1, dst_fp_depth=1, match level 0.67
01-31 12:40:06 com_github_MitjaNemec_ReplicateLayout.replicate_layout 776:Significant difference between src net: ['', 'PM_5V_RTN'] and dst net: ['', 'M5_TELEM'], with src_net_depth=2, dst_net_depth=2, src_fp_depth=1, dst_fp_depth=1, match level 0.68
01-31 12:40:06 com_github_MitjaNemec_ReplicateLayout.replicate_layout 776:Significant difference between src net: ['', 'P5V'] and dst net: ['', 'PM_5V_TELEM_RTN'], with src_net_depth=2, dst_net_depth=2, src_fp_depth=1, dst_fp_depth=1, match level 0.67
01-31 12:40:06 com_github_MitjaNemec_ReplicateLayout.replicate_layout 776:Significant difference between src net: ['', 'PM_5V_RTN'] and dst net: ['', 'M5_TELEM'], with src_net_depth=2, dst_net_depth=2, src_fp_depth=1, dst_fp_depth=1, match level 0.68
01-31 12:40:06 com_github_MitjaNemec_ReplicateLayout.replicate_layout 776:Significant difference between src net: ['', 'P5V'] and dst net: ['', 'PM_5V_TELEM_RTN'], with src_net_depth=2, dst_net_depth=2, src_fp_depth=1, dst_fp_depth=1, match level 0.67
01-31 12:40:06 com_github_MitjaNemec_ReplicateLayout.replicate_layout 776:Significant difference between src net: ['', 'PM_5V_RTN'] and dst net: ['', 'M5_TELEM'], with src_net_depth=2, dst_net_depth=2, src_fp_depth=1, dst_fp_depth=1, match level 0.68
01-31 12:40:06 com_github_MitjaNemec_ReplicateLayout.replicate_layout 776:Significant difference between src net: ['', 'P5V'] and dst net: ['', 'PM_5V_TELEM_RTN'], with src_net_depth=2, dst_net_depth=2, src_fp_depth=1, dst_fp_depth=1, match level 0.67
01-31 12:40:06 com_github_MitjaNemec_ReplicateLayout.replicate_layout 776:Significant difference between src net: ['', 'PM_5V_RTN'] and dst net: ['', 'M5_TELEM'], with src_net_depth=2, dst_net_depth=2, src_fp_depth=1, dst_fp_depth=1, match level 0.68
01-31 12:40:06 com_github_MitjaNemec_ReplicateLayout.replicate_layout 792:Net pairs for sheet ['Main_Converter2'] :[('Net-(F1-Pad2)', 'Net-(F3-Pad2)'), ('/Enable_CKT/Enable', '/Main_Converter2/Enable'), ('/PM_5V_RTN', '/M5_TELEM'), ('/P5V', '/PM_5V_TELEM_RTN'), ('Net-(C3-Pad1)', 'Net-(C44-Pad1)'), ('/Main_Converter1/V_RTN', '/Main_Converter2/V_RTN'), ('/Main_Converter1/V_POS', '/Main_Converter2/V_POS'), ('/V_SEC_RTN', '/V_TELEM_RTN'), ('unconnected-(U1-TRIM-Pad4)', 'unconnected-(U12-TRIM-Pad4)'), ('/V_SEC_IN', '/V_TELEM_IN')]
01-31 12:40:06 root 337:updating GUI with: 34
01-31 12:40:06 com_github_MitjaNemec_ReplicateLayout.replicate_layout 1015:Replicating tracks on sheet ['Main_Converter3']
01-31 12:40:06 com_github_MitjaNemec_ReplicateLayout.replicate_layout 776:Significant difference between src net: ['', 'P5V'] and dst net: ['', 'P5_TELEM'], with src_net_depth=2, dst_net_depth=2, src_fp_depth=1, dst_fp_depth=1, match level 0.68
01-31 12:40:06 com_github_MitjaNemec_ReplicateLayout.replicate_layout 776:Significant difference between src net: ['', 'P5V'] and dst net: ['', 'P5_TELEM'], with src_net_depth=2, dst_net_depth=2, src_fp_depth=1, dst_fp_depth=1, match level 0.68
01-31 12:40:06 com_github_MitjaNemec_ReplicateLayout.replicate_layout 776:Significant difference between src net: ['', 'P5V'] and dst net: ['', 'P5_TELEM'], with src_net_depth=2, dst_net_depth=2, src_fp_depth=1, dst_fp_depth=1, match level 0.68
01-31 12:40:06 com_github_MitjaNemec_ReplicateLayout.replicate_layout 776:Significant difference between src net: ['', 'P5V'] and dst net: ['', 'P5_TELEM'], with src_net_depth=2, dst_net_depth=2, src_fp_depth=1, dst_fp_depth=1, match level 0.68
01-31 12:40:06 com_github_MitjaNemec_ReplicateLayout.replicate_layout 776:Significant difference between src net: ['', 'P5V'] and dst net: ['', 'P5_TELEM'], with src_net_depth=2, dst_net_depth=2, src_fp_depth=1, dst_fp_depth=1, match level 0.68
01-31 12:40:06 com_github_MitjaNemec_ReplicateLayout.replicate_layout 776:Significant difference between src net: ['', 'P5V'] and dst net: ['', 'P5_TELEM'], with src_net_depth=2, dst_net_depth=2, src_fp_depth=1, dst_fp_depth=1, match level 0.68
01-31 12:40:06 com_github_MitjaNemec_ReplicateLayout.replicate_layout 792:Net pairs for sheet ['Main_Converter3'] :[('unconnected-(U1-TRIM-Pad4)', 'unconnected-(U13-TRIM-Pad4)'), ('/PM_5V_RTN', '/PM_5V_TELEM_RTN'), ('/Main_Converter1/V_RTN', '/Main_Converter3/V_RTN'), ('Net-(F1-Pad2)', 'Net-(F4-Pad2)'), ('/P5V', '/P5_TELEM'), ('/Main_Converter1/V_POS', '/Main_Converter3/V_POS'), ('Net-(C3-Pad1)', 'Net-(C53-Pad1)'), ('/V_SEC_RTN', '/V_TELEM_RTN'), ('/Enable_CKT/Enable', '/Main_Converter3/Enable'), ('/V_SEC_IN', '/V_TELEM_IN')]
01-31 12:40:06 root 332:updating GUI message: 'Replicating zones'
01-31 12:40:06 com_github_MitjaNemec_ReplicateLayout.replicate_layout 1079:Replicating zones
01-31 12:40:06 com_github_MitjaNemec_ReplicateLayout.replicate_layout 1086:Replicating zones on sheet ['Main_Converter']
01-31 12:40:06 com_github_MitjaNemec_ReplicateLayout.replicate_layout 776:Significant difference between src net: ['', 'P5V'] and dst net: ['', 'PM_5V_RTN'], with src_net_depth=2, dst_net_depth=2, src_fp_depth=1, dst_fp_depth=1, match level 0.75
01-31 12:40:06 com_github_MitjaNemec_ReplicateLayout.replicate_layout 776:Significant difference between src net: ['', 'PM_5V_RTN'] and dst net: ['', 'M5V'], with src_net_depth=2, dst_net_depth=2, src_fp_depth=1, dst_fp_depth=1, match level 0.75
01-31 12:40:06 com_github_MitjaNemec_ReplicateLayout.replicate_layout 776:Significant difference between src net: ['', 'P5V'] and dst net: ['', 'PM_5V_RTN'], with src_net_depth=2, dst_net_depth=2, src_fp_depth=1, dst_fp_depth=1, match level 0.75
01-31 12:40:06 com_github_MitjaNemec_ReplicateLayout.replicate_layout 776:Significant difference between src net: ['', 'PM_5V_RTN'] and dst net: ['', 'M5V'], with src_net_depth=2, dst_net_depth=2, src_fp_depth=1, dst_fp_depth=1, match level 0.75
01-31 12:40:06 com_github_MitjaNemec_ReplicateLayout.replicate_layout 776:Significant difference between src net: ['', 'P5V'] and dst net: ['', 'PM_5V_RTN'], with src_net_depth=2, dst_net_depth=2, src_fp_depth=1, dst_fp_depth=1, match level 0.75
01-31 12:40:06 com_github_MitjaNemec_ReplicateLayout.replicate_layout 776:Significant difference between src net: ['', 'PM_5V_RTN'] and dst net: ['', 'M5V'], with src_net_depth=2, dst_net_depth=2, src_fp_depth=1, dst_fp_depth=1, match level 0.75
01-31 12:40:06 com_github_MitjaNemec_ReplicateLayout.replicate_layout 776:Significant difference between src net: ['', 'P5V'] and dst net: ['', 'PM_5V_RTN'], with src_net_depth=2, dst_net_depth=2, src_fp_depth=1, dst_fp_depth=1, match level 0.75
01-31 12:40:06 com_github_MitjaNemec_ReplicateLayout.replicate_layout 776:Significant difference between src net: ['', 'PM_5V_RTN'] and dst net: ['', 'M5V'], with src_net_depth=2, dst_net_depth=2, src_fp_depth=1, dst_fp_depth=1, match level 0.75
01-31 12:40:06 com_github_MitjaNemec_ReplicateLayout.replicate_layout 776:Significant difference between src net: ['', 'P5V'] and dst net: ['', 'PM_5V_RTN'], with src_net_depth=2, dst_net_depth=2, src_fp_depth=1, dst_fp_depth=1, match level 0.75
01-31 12:40:06 com_github_MitjaNemec_ReplicateLayout.replicate_layout 776:Significant difference between src net: ['', 'PM_5V_RTN'] and dst net: ['', 'M5V'], with src_net_depth=2, dst_net_depth=2, src_fp_depth=1, dst_fp_depth=1, match level 0.75
01-31 12:40:06 com_github_MitjaNemec_ReplicateLayout.replicate_layout 776:Significant difference between src net: ['', 'P5V'] and dst net: ['', 'PM_5V_RTN'], with src_net_depth=2, dst_net_depth=2, src_fp_depth=1, dst_fp_depth=1, match level 0.75
01-31 12:40:06 com_github_MitjaNemec_ReplicateLayout.replicate_layout 776:Significant difference between src net: ['', 'PM_5V_RTN'] and dst net: ['', 'M5V'], with src_net_depth=2, dst_net_depth=2, src_fp_depth=1, dst_fp_depth=1, match level 0.75
01-31 12:40:06 com_github_MitjaNemec_ReplicateLayout.replicate_layout 792:Net pairs for sheet ['Main_Converter'] :[('/PM_5V_RTN', '/M5V'), ('/Main_Converter1/V_POS', '/Main_Converter/V_POS'), ('Net-(F1-Pad2)', 'Net-(F2-Pad2)'), ('/Enable_CKT/Enable', '/Enable_CKT/Enable'), ('unconnected-(U1-TRIM-Pad4)', 'unconnected-(U4-TRIM-Pad4)'), ('/Main_Converter1/V_RTN', '/Main_Converter/V_RTN'), ('/V_SEC_RTN', '/V_SEC_RTN'), ('/P5V', '/PM_5V_RTN'), ('/V_SEC_IN', '/V_SEC_IN'), ('Net-(C3-Pad1)', 'Net-(C16-Pad1)')]
01-31 12:40:06 com_github_MitjaNemec_ReplicateLayout.replicate_layout 1086:Replicating zones on sheet ['Main_Converter2']
01-31 12:40:06 com_github_MitjaNemec_ReplicateLayout.replicate_layout 776:Significant difference between src net: ['', 'P5V'] and dst net: ['', 'PM_5V_TELEM_RTN'], with src_net_depth=2, dst_net_depth=2, src_fp_depth=1, dst_fp_depth=1, match level 0.67
01-31 12:40:06 com_github_MitjaNemec_ReplicateLayout.replicate_layout 776:Significant difference between src net: ['', 'PM_5V_RTN'] and dst net: ['', 'M5_TELEM'], with src_net_depth=2, dst_net_depth=2, src_fp_depth=1, dst_fp_depth=1, match level 0.68
01-31 12:40:06 com_github_MitjaNemec_ReplicateLayout.replicate_layout 776:Significant difference between src net: ['', 'P5V'] and dst net: ['', 'PM_5V_TELEM_RTN'], with src_net_depth=2, dst_net_depth=2, src_fp_depth=1, dst_fp_depth=1, match level 0.67
01-31 12:40:06 com_github_MitjaNemec_ReplicateLayout.replicate_layout 776:Significant difference between src net: ['', 'PM_5V_RTN'] and dst net: ['', 'M5_TELEM'], with src_net_depth=2, dst_net_depth=2, src_fp_depth=1, dst_fp_depth=1, match level 0.68
01-31 12:40:06 com_github_MitjaNemec_ReplicateLayout.replicate_layout 776:Significant difference between src net: ['', 'P5V'] and dst net: ['', 'PM_5V_TELEM_RTN'], with src_net_depth=2, dst_net_depth=2, src_fp_depth=1, dst_fp_depth=1, match level 0.67
01-31 12:40:06 com_github_MitjaNemec_ReplicateLayout.replicate_layout 776:Significant difference between src net: ['', 'PM_5V_RTN'] and dst net: ['', 'M5_TELEM'], with src_net_depth=2, dst_net_depth=2, src_fp_depth=1, dst_fp_depth=1, match level 0.68
01-31 12:40:06 com_github_MitjaNemec_ReplicateLayout.replicate_layout 776:Significant difference between src net: ['', 'P5V'] and dst net: ['', 'PM_5V_TELEM_RTN'], with src_net_depth=2, dst_net_depth=2, src_fp_depth=1, dst_fp_depth=1, match level 0.67
01-31 12:40:06 com_github_MitjaNemec_ReplicateLayout.replicate_layout 776:Significant difference between src net: ['', 'PM_5V_RTN'] and dst net: ['', 'M5_TELEM'], with src_net_depth=2, dst_net_depth=2, src_fp_depth=1, dst_fp_depth=1, match level 0.68
01-31 12:40:06 com_github_MitjaNemec_ReplicateLayout.replicate_layout 776:Significant difference between src net: ['', 'P5V'] and dst net: ['', 'PM_5V_TELEM_RTN'], with src_net_depth=2, dst_net_depth=2, src_fp_depth=1, dst_fp_depth=1, match level 0.67
01-31 12:40:06 com_github_MitjaNemec_ReplicateLayout.replicate_layout 776:Significant difference between src net: ['', 'PM_5V_RTN'] and dst net: ['', 'M5_TELEM'], with src_net_depth=2, dst_net_depth=2, src_fp_depth=1, dst_fp_depth=1, match level 0.68
01-31 12:40:06 com_github_MitjaNemec_ReplicateLayout.replicate_layout 776:Significant difference between src net: ['', 'P5V'] and dst net: ['', 'PM_5V_TELEM_RTN'], with src_net_depth=2, dst_net_depth=2, src_fp_depth=1, dst_fp_depth=1, match level 0.67
01-31 12:40:06 com_github_MitjaNemec_ReplicateLayout.replicate_layout 776:Significant difference between src net: ['', 'PM_5V_RTN'] and dst net: ['', 'M5_TELEM'], with src_net_depth=2, dst_net_depth=2, src_fp_depth=1, dst_fp_depth=1, match level 0.68
01-31 12:40:06 com_github_MitjaNemec_ReplicateLayout.replicate_layout 792:Net pairs for sheet ['Main_Converter2'] :[('Net-(F1-Pad2)', 'Net-(F3-Pad2)'), ('/Enable_CKT/Enable', '/Main_Converter2/Enable'), ('/PM_5V_RTN', '/M5_TELEM'), ('/P5V', '/PM_5V_TELEM_RTN'), ('Net-(C3-Pad1)', 'Net-(C44-Pad1)'), ('/Main_Converter1/V_RTN', '/Main_Converter2/V_RTN'), ('/Main_Converter1/V_POS', '/Main_Converter2/V_POS'), ('/V_SEC_RTN', '/V_TELEM_RTN'), ('unconnected-(U1-TRIM-Pad4)', 'unconnected-(U12-TRIM-Pad4)'), ('/V_SEC_IN', '/V_TELEM_IN')]
01-31 12:40:06 com_github_MitjaNemec_ReplicateLayout.replicate_layout 1086:Replicating zones on sheet ['Main_Converter3']
01-31 12:40:06 com_github_MitjaNemec_ReplicateLayout.replicate_layout 776:Significant difference between src net: ['', 'P5V'] and dst net: ['', 'P5_TELEM'], with src_net_depth=2, dst_net_depth=2, src_fp_depth=1, dst_fp_depth=1, match level 0.68
01-31 12:40:06 com_github_MitjaNemec_ReplicateLayout.replicate_layout 776:Significant difference between src net: ['', 'P5V'] and dst net: ['', 'P5_TELEM'], with src_net_depth=2, dst_net_depth=2, src_fp_depth=1, dst_fp_depth=1, match level 0.68
01-31 12:40:06 com_github_MitjaNemec_ReplicateLayout.replicate_layout 776:Significant difference between src net: ['', 'P5V'] and dst net: ['', 'P5_TELEM'], with src_net_depth=2, dst_net_depth=2, src_fp_depth=1, dst_fp_depth=1, match level 0.68
01-31 12:40:06 com_github_MitjaNemec_ReplicateLayout.replicate_layout 776:Significant difference between src net: ['', 'P5V'] and dst net: ['', 'P5_TELEM'], with src_net_depth=2, dst_net_depth=2, src_fp_depth=1, dst_fp_depth=1, match level 0.68
01-31 12:40:06 com_github_MitjaNemec_ReplicateLayout.replicate_layout 776:Significant difference between src net: ['', 'P5V'] and dst net: ['', 'P5_TELEM'], with src_net_depth=2, dst_net_depth=2, src_fp_depth=1, dst_fp_depth=1, match level 0.68
01-31 12:40:06 com_github_MitjaNemec_ReplicateLayout.replicate_layout 776:Significant difference between src net: ['', 'P5V'] and dst net: ['', 'P5_TELEM'], with src_net_depth=2, dst_net_depth=2, src_fp_depth=1, dst_fp_depth=1, match level 0.68
01-31 12:40:06 com_github_MitjaNemec_ReplicateLayout.replicate_layout 792:Net pairs for sheet ['Main_Converter3'] :[('unconnected-(U1-TRIM-Pad4)', 'unconnected-(U13-TRIM-Pad4)'), ('/PM_5V_RTN', '/PM_5V_TELEM_RTN'), ('/Main_Converter1/V_RTN', '/Main_Converter3/V_RTN'), ('Net-(F1-Pad2)', 'Net-(F4-Pad2)'), ('/P5V', '/P5_TELEM'), ('/Main_Converter1/V_POS', '/Main_Converter3/V_POS'), ('Net-(C3-Pad1)', 'Net-(C53-Pad1)'), ('/V_SEC_RTN', '/V_TELEM_RTN'), ('/Enable_CKT/Enable', '/Main_Converter3/Enable'), ('/V_SEC_IN', '/V_TELEM_IN')]
01-31 12:40:06 root 332:updating GUI message: 'Replicating text'
01-31 12:40:06 root 337:updating GUI with: 0
01-31 12:40:06 com_github_MitjaNemec_ReplicateLayout.replicate_layout 1168:Replicating text
01-31 12:40:06 com_github_MitjaNemec_ReplicateLayout.replicate_layout 1175:Replicating text on sheet ['Main_Converter']
01-31 12:40:06 com_github_MitjaNemec_ReplicateLayout.replicate_layout 1175:Replicating text on sheet ['Main_Converter2']
01-31 12:40:06 com_github_MitjaNemec_ReplicateLayout.replicate_layout 1175:Replicating text on sheet ['Main_Converter3']
01-31 12:40:06 root 332:updating GUI message: 'Replicating drawings'
01-31 12:40:06 com_github_MitjaNemec_ReplicateLayout.replicate_layout 1219:Replicating drawings
01-31 12:40:06 com_github_MitjaNemec_ReplicateLayout.replicate_layout 1225:Replicating drawings on sheet ['Main_Converter']
01-31 12:40:06 com_github_MitjaNemec_ReplicateLayout.replicate_layout 1225:Replicating drawings on sheet ['Main_Converter2']
01-31 12:40:06 com_github_MitjaNemec_ReplicateLayout.replicate_layout 1225:Replicating drawings on sheet ['Main_Converter3']
01-31 12:40:06 com_github_MitjaNemec_ReplicateLayout.action_replicate_layout 256:Replication complete
01-31 12:40:06 com_github_MitjaNemec_ReplicateLayout.action_replicate_layout 259:Letting the user know there are some issues with replicated design
01-31 12:40:06 com_github_MitjaNemec_ReplicateLayout.action_replicate_layout 263:Looks like the design has an exotic connectivity that the plugin might not handle properly
 Make sure that you check the connectivity around:
Footprint U4, pad 3
Footprint C50, pad 1
Footprint R45, pad 1
Footprint C51, pad 1
Footprint U4, pad 5
Footprint C24, pad 2
Footprint R43, pad 2
Footprint C21, pad 2
Footprint C22, pad 1
Footprint C52, pad 1
Footprint R15, pad 1
Footprint C49, pad 2
Footprint C23, pad 2
Footprint C61, pad 1
Footprint U12, pad 3
Footprint C50, pad 2
Footprint C51, pad 2
Footprint U12, pad 5
Footprint R43, pad 1
Footprint C24, pad 1
Footprint C59, pad 1
Footprint C21, pad 1
Footprint C52, pad 2
Footprint U13, pad 3
Footprint C23, pad 1
Footprint C22, pad 2
Footprint C60, pad 1
Footprint C49, pad 1
Footprint R15, pad 2
Footprint C58, pad 1

