FILE_TYPE=LIBRARY_PARTS;
PRIMITIVE 'DF14A_2P_1.25H_56_','DF14A_2P_1.25H_56__Other';
  PIN
    '1':
      PIN_NUMBER='(1)';
      NO_LOAD_CHECK=BOTH;
      NO_IO_CHECK=BOTH;
      ALLOW_CONNECT=TRUE;
      PINUSE='UNSPEC';
    '2':
      PIN_NUMBER='(2)';
      NO_LOAD_CHECK=BOTH;
      NO_IO_CHECK=BOTH;
      ALLOW_CONNECT=TRUE;
      PINUSE='UNSPEC';
    'MP1':
      PIN_NUMBER='(MP1)';
      NO_LOAD_CHECK=BOTH;
      NO_IO_CHECK=BOTH;
      ALLOW_CONNECT=TRUE;
      PINUSE='UNSPEC';
    'MP2':
      PIN_NUMBER='(MP2)';
      NO_LOAD_CHECK=BOTH;
      NO_IO_CHECK=BOTH;
      ALLOW_CONNECT=TRUE;
      PINUSE='UNSPEC';
  END_PIN;
  BODY
    PART_NAME='DF14A_2P_1.25H_56_';
    PHYS_DES_PREFIX='J';
    NO_LOAD_CHECK='TRUE';
    PIN_COUNT='4';
    BODY_NAME='DF14A_2P_1.25H_56_';
    JEDEC_TYPE='DF14A2P125H56';
  END_BODY;
END_PRIMITIVE;
END.
